<?xml version="1.0" encoding="UTF-8"?>
<coverage generated="1680021376947" clover="3.2.0">
  <project timestamp="1680021376948" name="All files">
    <metrics statements="261" coveredstatements="130" conditionals="156" coveredconditionals="77" methods="108" coveredmethods="50" elements="525" coveredelements="257" complexity="0" loc="261" ncloc="261" packages="13" files="22" classes="22"/>
    <package name="client.src.__tests__.proxies">
      <metrics statements="3" coveredstatements="3" conditionals="0" coveredconditionals="0" methods="0" coveredmethods="0"/>
      <file name="getProductProxy.js" path="/Users/nic/HackReactor/FEC/project-atlier/client/src/__tests__/proxies/getProductProxy.js">
        <metrics statements="1" coveredstatements="1" conditionals="0" coveredconditionals="0" methods="0" coveredmethods="0"/>
        <line num="1" count="2" type="stmt"/>
      </file>
      <file name="getProductStylesProxy.js" path="/Users/nic/HackReactor/FEC/project-atlier/client/src/__tests__/proxies/getProductStylesProxy.js">
        <metrics statements="1" coveredstatements="1" conditionals="0" coveredconditionals="0" methods="0" coveredmethods="0"/>
        <line num="1" count="2" type="stmt"/>
      </file>
      <file name="stateProxy.js" path="/Users/nic/HackReactor/FEC/project-atlier/client/src/__tests__/proxies/stateProxy.js">
        <metrics statements="1" coveredstatements="1" conditionals="0" coveredconditionals="0" methods="0" coveredmethods="0"/>
        <line num="1" count="5" type="stmt"/>
      </file>
    </package>
    <package name="client.src.__tests__.utils">
      <metrics statements="3" coveredstatements="3" conditionals="3" coveredconditionals="1" methods="3" coveredmethods="3"/>
      <file name="test-utils.jsx" path="/Users/nic/HackReactor/FEC/project-atlier/client/src/__tests__/utils/test-utils.jsx">
        <metrics statements="3" coveredstatements="3" conditionals="3" coveredconditionals="1" methods="3" coveredmethods="3"/>
        <line num="27" count="10" type="stmt"/>
        <line num="35" count="10" type="stmt"/>
        <line num="39" count="10" type="stmt"/>
      </file>
    </package>
    <package name="client.src.components.ProductDetails">
      <metrics statements="115" coveredstatements="71" conditionals="94" coveredconditionals="62" methods="39" coveredmethods="28"/>
      <file name="Description.jsx" path="/Users/nic/HackReactor/FEC/project-atlier/client/src/components/ProductDetails/Description.jsx">
        <metrics statements="3" coveredstatements="3" conditionals="2" coveredconditionals="1" methods="2" coveredmethods="2"/>
        <line num="8" count="6" type="stmt"/>
        <line num="17" count="12" type="stmt"/>
        <line num="18" count="12" type="cond" truecount="1" falsecount="1"/>
      </file>
      <file name="Details.jsx" path="/Users/nic/HackReactor/FEC/project-atlier/client/src/components/ProductDetails/Details.jsx">
        <metrics statements="45" coveredstatements="24" conditionals="26" coveredconditionals="12" methods="14" coveredmethods="9"/>
        <line num="14" count="12" type="stmt"/>
        <line num="15" count="12" type="stmt"/>
        <line num="21" count="18" type="stmt"/>
        <line num="22" count="18" type="stmt"/>
        <line num="24" count="12" type="stmt"/>
        <line num="25" count="12" type="cond" truecount="2" falsecount="0"/>
        <line num="26" count="12" type="stmt"/>
        <line num="27" count="12" type="stmt"/>
        <line num="29" count="12" type="stmt"/>
        <line num="30" count="6" type="stmt"/>
        <line num="32" count="6" type="cond" truecount="1" falsecount="1"/>
        <line num="33" count="12" type="stmt"/>
        <line num="34" count="6" type="stmt"/>
        <line num="36" count="0" type="stmt"/>
        <line num="39" count="12" type="stmt"/>
        <line num="40" count="6" type="stmt"/>
        <line num="43" count="12" type="cond" truecount="1" falsecount="1"/>
        <line num="44" count="0" type="stmt"/>
        <line num="47" count="12" type="stmt"/>
        <line num="48" count="0" type="cond" truecount="0" falsecount="4"/>
        <line num="49" count="0" type="stmt"/>
        <line num="50" count="0" type="cond" truecount="0" falsecount="2"/>
        <line num="51" count="0" type="stmt"/>
        <line num="52" count="0" type="stmt"/>
        <line num="53" count="0" type="stmt"/>
        <line num="54" count="0" type="stmt"/>
        <line num="56" count="0" type="stmt"/>
        <line num="58" count="0" type="cond" truecount="0" falsecount="2"/>
        <line num="59" count="0" type="stmt"/>
        <line num="61" count="0" type="stmt"/>
        <line num="62" count="0" type="stmt"/>
        <line num="63" count="0" type="stmt"/>
        <line num="67" count="12" type="stmt"/>
        <line num="68" count="0" type="stmt"/>
        <line num="71" count="12" type="stmt"/>
        <line num="72" count="0" type="stmt"/>
        <line num="75" count="12" type="stmt"/>
        <line num="76" count="0" type="cond" truecount="0" falsecount="2"/>
        <line num="77" count="0" type="stmt"/>
        <line num="79" count="0" type="stmt"/>
        <line num="82" count="12" type="stmt"/>
        <line num="111" count="27" type="stmt"/>
        <line num="121" count="0" type="stmt"/>
        <line num="123" count="24" type="stmt"/>
        <line num="124" count="24" type="stmt"/>
      </file>
      <file name="ImageViewer.jsx" path="/Users/nic/HackReactor/FEC/project-atlier/client/src/components/ProductDetails/ImageViewer.jsx">
        <metrics statements="41" coveredstatements="22" conditionals="44" coveredconditionals="31" methods="14" coveredmethods="8"/>
        <line num="27" count="20" type="stmt"/>
        <line num="28" count="10" type="stmt"/>
        <line num="29" count="10" type="stmt"/>
        <line num="31" count="10" type="stmt"/>
        <line num="32" count="10" type="stmt"/>
        <line num="34" count="10" type="stmt"/>
        <line num="35" count="1" type="stmt"/>
        <line num="36" count="1" type="stmt"/>
        <line num="39" count="10" type="stmt"/>
        <line num="40" count="0" type="cond" truecount="0" falsecount="2"/>
        <line num="41" count="0" type="cond" truecount="0" falsecount="2"/>
        <line num="42" count="0" type="stmt"/>
        <line num="44" count="0" type="stmt"/>
        <line num="46" count="0" type="cond" truecount="0" falsecount="2"/>
        <line num="47" count="0" type="stmt"/>
        <line num="49" count="0" type="stmt"/>
        <line num="53" count="10" type="stmt"/>
        <line num="54" count="9" type="stmt"/>
        <line num="55" count="66" type="cond" truecount="4" falsecount="0"/>
        <line num="56" count="58" type="stmt"/>
        <line num="57" count="1" type="stmt"/>
        <line num="62" count="8" type="stmt"/>
        <line num="66" count="10" type="stmt"/>
        <line num="67" count="1" type="cond" truecount="1" falsecount="1"/>
        <line num="68" count="0" type="stmt"/>
        <line num="69" count="0" type="stmt"/>
        <line num="71" count="1" type="stmt"/>
        <line num="72" count="1" type="stmt"/>
        <line num="75" count="10" type="stmt"/>
        <line num="76" count="0" type="stmt"/>
        <line num="77" count="0" type="stmt"/>
        <line num="78" count="0" type="stmt"/>
        <line num="79" count="0" type="cond" truecount="0" falsecount="2"/>
        <line num="80" count="0" type="stmt"/>
        <line num="82" count="0" type="stmt"/>
        <line num="85" count="10" type="stmt"/>
        <line num="108" count="2" type="stmt"/>
        <line num="113" count="0" type="cond" truecount="1" falsecount="1"/>
        <line num="116" count="0" type="stmt"/>
        <line num="120" count="0" type="cond" truecount="2" falsecount="0"/>
        <line num="124" count="0" type="cond" truecount="2" falsecount="0"/>
      </file>
      <file name="ProductDetails.jsx" path="/Users/nic/HackReactor/FEC/project-atlier/client/src/components/ProductDetails/ProductDetails.jsx">
        <metrics statements="10" coveredstatements="9" conditionals="12" coveredconditionals="11" methods="3" coveredmethods="3"/>
        <line num="12" count="11" type="stmt"/>
        <line num="13" count="11" type="stmt"/>
        <line num="14" count="26" type="stmt"/>
        <line num="21" count="11" type="stmt"/>
        <line num="27" count="11" type="stmt"/>
        <line num="28" count="6" type="cond" truecount="3" falsecount="1"/>
        <line num="29" count="0" type="stmt"/>
        <line num="33" count="11" type="cond" truecount="4" falsecount="0"/>
        <line num="34" count="6" type="stmt"/>
        <line num="37" count="5" type="stmt"/>
      </file>
      <file name="StyleImage.jsx" path="/Users/nic/HackReactor/FEC/project-atlier/client/src/components/ProductDetails/StyleImage.jsx">
        <metrics statements="13" coveredstatements="10" conditionals="10" coveredconditionals="7" methods="3" coveredmethods="3"/>
        <line num="8" count="34" type="stmt"/>
        <line num="9" count="22" type="stmt"/>
        <line num="10" count="22" type="stmt"/>
        <line num="12" count="22" type="stmt"/>
        <line num="13" count="2" type="stmt"/>
        <line num="14" count="2" type="stmt"/>
        <line num="15" count="2" type="cond" truecount="1" falsecount="1"/>
        <line num="16" count="2" type="stmt"/>
        <line num="18" count="0" type="stmt"/>
        <line num="19" count="0" type="stmt"/>
        <line num="21" count="2" type="cond" truecount="1" falsecount="1"/>
        <line num="22" count="0" type="stmt"/>
        <line num="26" count="22" type="stmt"/>
      </file>
      <file name="StyleList.jsx" path="/Users/nic/HackReactor/FEC/project-atlier/client/src/components/ProductDetails/StyleList.jsx">
        <metrics statements="3" coveredstatements="3" conditionals="0" coveredconditionals="0" methods="3" coveredmethods="3"/>
        <line num="7" count="17" type="stmt"/>
        <line num="9" count="11" type="stmt"/>
        <line num="12" count="22" type="stmt"/>
      </file>
    </package>
    <package name="client.src.components.QuestionsAnswers.subComponents">
      <metrics statements="1" coveredstatements="1" conditionals="0" coveredconditionals="0" methods="1" coveredmethods="1"/>
      <file name="Search.jsx" path="/Users/nic/HackReactor/FEC/project-atlier/client/src/components/QuestionsAnswers/subComponents/Search.jsx">
        <metrics statements="1" coveredstatements="1" conditionals="0" coveredconditionals="0" methods="1" coveredmethods="1"/>
        <line num="4" count="1" type="stmt"/>
      </file>
    </package>
    <package name="client.src.components.RelatedItems">
      <metrics statements="17" coveredstatements="4" conditionals="4" coveredconditionals="2" methods="8" coveredmethods="2"/>
      <file name="FormatCard.jsx" path="/Users/nic/HackReactor/FEC/project-atlier/client/src/components/RelatedItems/FormatCard.jsx">
        <metrics statements="17" coveredstatements="4" conditionals="4" coveredconditionals="2" methods="8" coveredmethods="2"/>
        <line num="16" count="1" type="stmt"/>
        <line num="17" count="1" type="stmt"/>
        <line num="18" count="1" type="stmt"/>
        <line num="22" count="0" type="stmt"/>
        <line num="23" count="0" type="stmt"/>
        <line num="28" count="0" type="stmt"/>
        <line num="29" count="0" type="stmt"/>
        <line num="30" count="0" type="stmt"/>
        <line num="31" count="0" type="stmt"/>
        <line num="32" count="0" type="stmt"/>
        <line num="33" count="0" type="stmt"/>
        <line num="38" count="0" type="stmt"/>
        <line num="39" count="0" type="stmt"/>
        <line num="42" count="1" type="stmt"/>
        <line num="43" count="0" type="stmt"/>
        <line num="46" count="0" type="stmt"/>
        <line num="50" count="0" type="stmt"/>
      </file>
    </package>
    <package name="client.src.components.ReviewsRatings">
      <metrics statements="23" coveredstatements="19" conditionals="8" coveredconditionals="6" methods="7" coveredmethods="5"/>
      <file name="QuarterIncStarRating.jsx" path="/Users/nic/HackReactor/FEC/project-atlier/client/src/components/ReviewsRatings/QuarterIncStarRating.jsx">
        <metrics statements="9" coveredstatements="8" conditionals="4" coveredconditionals="3" methods="3" coveredmethods="3"/>
        <line num="7" count="11" type="cond" truecount="1" falsecount="1"/>
        <line num="8" count="0" type="stmt"/>
        <line num="10" count="11" type="stmt"/>
        <line num="11" count="11" type="stmt"/>
        <line num="12" count="11" type="stmt"/>
        <line num="13" count="11" type="stmt"/>
        <line num="14" count="11" type="stmt"/>
        <line num="18" count="33" type="stmt"/>
        <line num="37" count="11" type="stmt"/>
      </file>
      <file name="QuarterStarsAverageRating.jsx" path="/Users/nic/HackReactor/FEC/project-atlier/client/src/components/ReviewsRatings/QuarterStarsAverageRating.jsx">
        <metrics statements="10" coveredstatements="9" conditionals="4" coveredconditionals="3" methods="1" coveredmethods="1"/>
        <line num="9" count="11" type="stmt"/>
        <line num="10" count="11" type="stmt"/>
        <line num="11" count="11" type="cond" truecount="3" falsecount="1"/>
        <line num="12" count="0" type="stmt"/>
        <line num="14" count="11" type="stmt"/>
        <line num="15" count="55" type="stmt"/>
        <line num="16" count="55" type="stmt"/>
        <line num="19" count="11" type="stmt"/>
        <line num="20" count="11" type="stmt"/>
        <line num="21" count="11" type="stmt"/>
      </file>
      <file name="SortReviews.jsx" path="/Users/nic/HackReactor/FEC/project-atlier/client/src/components/ReviewsRatings/SortReviews.jsx">
        <metrics statements="4" coveredstatements="2" conditionals="0" coveredconditionals="0" methods="3" coveredmethods="1"/>
        <line num="5" count="2" type="stmt"/>
        <line num="6" count="0" type="stmt"/>
        <line num="9" count="2" type="stmt"/>
        <line num="16" count="0" type="stmt"/>
      </file>
    </package>
    <package name="client.src.components.SharedComponents">
      <metrics statements="1" coveredstatements="1" conditionals="2" coveredconditionals="1" methods="1" coveredmethods="1"/>
      <file name="Spinner.jsx" path="/Users/nic/HackReactor/FEC/project-atlier/client/src/components/SharedComponents/Spinner.jsx">
        <metrics statements="1" coveredstatements="1" conditionals="2" coveredconditionals="1" methods="1" coveredmethods="1"/>
        <line num="5" count="6" type="stmt"/>
      </file>
    </package>
    <package name="client.src.features.api">
      <metrics statements="30" coveredstatements="7" conditionals="15" coveredconditionals="5" methods="14" coveredmethods="2"/>
      <file name="apiSlice.js" path="/Users/nic/HackReactor/FEC/project-atlier/client/src/features/api/apiSlice.js">
        <metrics statements="30" coveredstatements="7" conditionals="15" coveredconditionals="5" methods="14" coveredmethods="2"/>
        <line num="4" count="5" type="stmt"/>
        <line num="10" count="5" type="stmt"/>
        <line num="15" count="0" type="stmt"/>
        <line num="19" count="0" type="stmt"/>
        <line num="23" count="0" type="stmt"/>
        <line num="27" count="0" type="stmt"/>
        <line num="31" count="0" type="stmt"/>
        <line num="35" count="0" type="stmt"/>
        <line num="39" count="3" type="stmt"/>
        <line num="40" count="3" type="cond" truecount="1" falsecount="1"/>
        <line num="41" count="3" type="stmt"/>
        <line num="42" count="3" type="cond" truecount="4" falsecount="1"/>
        <line num="48" count="0" type="stmt"/>
        <line num="49" count="0" type="cond" truecount="0" falsecount="2"/>
        <line num="50" count="0" type="stmt"/>
        <line num="51" count="0" type="stmt"/>
        <line num="52" count="0" type="stmt"/>
        <line num="53" count="0" type="stmt"/>
        <line num="54" count="0" type="cond" truecount="0" falsecount="2"/>
        <line num="57" count="0" type="stmt"/>
        <line num="58" count="0" type="cond" truecount="0" falsecount="2"/>
        <line num="59" count="0" type="stmt"/>
        <line num="60" count="0" type="cond" truecount="0" falsecount="2"/>
        <line num="61" count="0" type="stmt"/>
        <line num="63" count="0" type="stmt"/>
        <line num="67" count="0" type="stmt"/>
        <line num="74" count="0" type="stmt"/>
        <line num="81" count="0" type="stmt"/>
        <line num="88" count="0" type="stmt"/>
        <line num="119" count="5" type="stmt"/>
      </file>
    </package>
    <package name="client.src.features.products">
      <metrics statements="14" coveredstatements="12" conditionals="5" coveredconditionals="0" methods="8" coveredmethods="6"/>
      <file name="productsSlice.js" path="/Users/nic/HackReactor/FEC/project-atlier/client/src/features/products/productsSlice.js">
        <metrics statements="14" coveredstatements="12" conditionals="5" coveredconditionals="0" methods="8" coveredmethods="6"/>
        <line num="4" count="5" type="stmt"/>
        <line num="20" count="2" type="stmt"/>
        <line num="23" count="3" type="stmt"/>
        <line num="26" count="0" type="stmt"/>
        <line num="29" count="4" type="stmt"/>
        <line num="32" count="1" type="stmt"/>
        <line num="35" count="5" type="stmt"/>
        <line num="39" count="0" type="stmt"/>
        <line num="47" count="5" type="stmt"/>
        <line num="49" count="3" type="stmt"/>
        <line num="50" count="3" type="stmt"/>
        <line num="51" count="3" type="stmt"/>
        <line num="52" count="3" type="stmt"/>
        <line num="64" count="5" type="stmt"/>
      </file>
    </package>
    <package name="client.src.features.questions">
      <metrics statements="0" coveredstatements="0" conditionals="0" coveredconditionals="0" methods="0" coveredmethods="0"/>
      <file name="questionsSlice.js" path="/Users/nic/HackReactor/FEC/project-atlier/client/src/features/questions/questionsSlice.js">
        <metrics statements="0" coveredstatements="0" conditionals="0" coveredconditionals="0" methods="0" coveredmethods="0"/>
      </file>
    </package>
    <package name="client.src.features.related">
      <metrics statements="40" coveredstatements="4" conditionals="22" coveredconditionals="0" methods="18" coveredmethods="1"/>
      <file name="relatedSlice.js" path="/Users/nic/HackReactor/FEC/project-atlier/client/src/features/related/relatedSlice.js">
        <metrics statements="40" coveredstatements="4" conditionals="22" coveredconditionals="0" methods="18" coveredmethods="1"/>
        <line num="5" count="5" type="stmt"/>
        <line num="18" count="0" type="stmt"/>
        <line num="21" count="0" type="stmt"/>
        <line num="24" count="0" type="stmt"/>
        <line num="25" count="0" type="stmt"/>
        <line num="28" count="0" type="stmt"/>
        <line num="31" count="0" type="stmt"/>
        <line num="34" count="0" type="stmt"/>
        <line num="37" count="0" type="stmt"/>
        <line num="40" count="0" type="cond" truecount="0" falsecount="2"/>
        <line num="41" count="0" type="stmt"/>
        <line num="42" count="0" type="stmt"/>
        <line num="43" count="0" type="stmt"/>
        <line num="45" count="0" type="stmt"/>
        <line num="49" count="0" type="stmt"/>
        <line num="50" count="0" type="stmt"/>
        <line num="51" count="0" type="cond" truecount="0" falsecount="2"/>
        <line num="52" count="0" type="stmt"/>
        <line num="54" count="0" type="stmt"/>
        <line num="58" count="0" type="stmt"/>
        <line num="59" count="0" type="stmt"/>
        <line num="60" count="0" type="stmt"/>
        <line num="61" count="0" type="stmt"/>
        <line num="62" count="0" type="cond" truecount="0" falsecount="2"/>
        <line num="63" count="0" type="stmt"/>
        <line num="65" count="0" type="stmt"/>
        <line num="66" count="0" type="cond" truecount="0" falsecount="2"/>
        <line num="67" count="0" type="stmt"/>
        <line num="68" count="0" type="stmt"/>
        <line num="69" count="0" type="cond" truecount="0" falsecount="2"/>
        <line num="70" count="0" type="stmt"/>
        <line num="71" count="0" type="stmt"/>
        <line num="74" count="0" type="cond" truecount="0" falsecount="2"/>
        <line num="75" count="0" type="stmt"/>
        <line num="78" count="0" type="stmt"/>
        <line num="81" count="5" type="stmt"/>
        <line num="85" count="0" type="stmt"/>
        <line num="99" count="5" type="stmt"/>
        <line num="101" count="0" type="stmt"/>
        <line num="118" count="5" type="stmt"/>
      </file>
    </package>
    <package name="client.src.features.reviews">
      <metrics statements="13" coveredstatements="4" conditionals="3" coveredconditionals="0" methods="9" coveredmethods="1"/>
      <file name="reviewsSlice.js" path="/Users/nic/HackReactor/FEC/project-atlier/client/src/features/reviews/reviewsSlice.js">
        <metrics statements="13" coveredstatements="4" conditionals="3" coveredconditionals="0" methods="9" coveredmethods="1"/>
        <line num="6" count="5" type="stmt"/>
        <line num="26" count="0" type="stmt"/>
        <line num="29" count="5" type="stmt"/>
        <line num="33" count="0" type="stmt"/>
        <line num="36" count="0" type="cond" truecount="0" falsecount="2"/>
        <line num="37" count="0" type="stmt"/>
        <line num="39" count="0" type="stmt"/>
        <line num="43" count="0" type="stmt"/>
        <line num="46" count="0" type="stmt"/>
        <line num="53" count="5" type="stmt"/>
        <line num="55" count="0" type="stmt"/>
        <line num="58" count="0" type="stmt"/>
        <line num="66" count="5" type="stmt"/>
      </file>
    </package>
    <package name="mocks">
      <metrics statements="1" coveredstatements="1" conditionals="0" coveredconditionals="0" methods="0" coveredmethods="0"/>
      <file name="fileMock.js" path="/Users/nic/HackReactor/FEC/project-atlier/mocks/fileMock.js">
        <metrics statements="1" coveredstatements="1" conditionals="0" coveredconditionals="0" methods="0" coveredmethods="0"/>
        <line num="1" count="4" type="stmt"/>
      </file>
    </package>
  </project>
</coverage>
