{"/Users/nic/HackReactor/FEC/project-atlier/client/src/__tests__/proxies/getProductProxy.js": {"path":"/Users/nic/HackReactor/FEC/project-atlier/client/src/__tests__/proxies/getProductProxy.js","statementMap":{"0":{"start":{"line":1,"column":24},"end":{"line":21,"column":1}}},"fnMap":{},"branchMap":{},"s":{"0":2},"f":{},"b":{},"_coverageSchema":"1a1c01bbd47fc00a2c39e90264f33305004495a9","hash":"6c85f93d0bcdc61c9a6ff28545857ae683a7e38a"}
,"/Users/nic/HackReactor/FEC/project-atlier/client/src/__tests__/proxies/getProductStylesProxy.js": {"path":"/Users/nic/HackReactor/FEC/project-atlier/client/src/__tests__/proxies/getProductStylesProxy.js","statementMap":{"0":{"start":{"line":1,"column":19},"end":{"line":85,"column":1}}},"fnMap":{},"branchMap":{},"s":{"0":2},"f":{},"b":{},"_coverageSchema":"1a1c01bbd47fc00a2c39e90264f33305004495a9","hash":"24f9903631a726df84dd79283c0891076ba31809"}
,"/Users/nic/HackReactor/FEC/project-atlier/client/src/__tests__/proxies/stateProxy.js": {"path":"/Users/nic/HackReactor/FEC/project-atlier/client/src/__tests__/proxies/stateProxy.js","statementMap":{"0":{"start":{"line":1,"column":18},"end":{"line":172,"column":1}}},"fnMap":{},"branchMap":{},"s":{"0":5},"f":{},"b":{},"_coverageSchema":"1a1c01bbd47fc00a2c39e90264f33305004495a9","hash":"54ea24c945a2dc06243a9fafcf7e37788c58aa09"}
,"/Users/nic/HackReactor/FEC/project-atlier/client/src/__tests__/utils/test-utils.jsx": {"path":"/Users/nic/HackReactor/FEC/project-atlier/client/src/__tests__/utils/test-utils.jsx","statementMap":{"0":{"start":{"line":27,"column":44},"end":{"line":27,"column":89}},"1":{"start":{"line":35,"column":4},"end":{"line":35,"column":57}},"2":{"start":{"line":39,"column":2},"end":{"line":39,"column":74}}},"fnMap":{"0":{"name":"renderWithProviders","decl":{"start":{"line":13,"column":16},"end":{"line":13,"column":35}},"loc":{"start":{"line":32,"column":2},"end":{"line":40,"column":1}},"line":32},"1":{"name":"(anonymous_1)","decl":{"start":{"line":27,"column":18},"end":{"line":27,"column":19}},"loc":{"start":{"line":27,"column":44},"end":{"line":27,"column":89}},"line":27},"2":{"name":"Wrapper","decl":{"start":{"line":34,"column":11},"end":{"line":34,"column":18}},"loc":{"start":{"line":34,"column":33},"end":{"line":36,"column":3}},"line":34}},"branchMap":{"0":{"loc":{"start":{"line":15,"column":2},"end":{"line":31,"column":8}},"type":"default-arg","locations":[{"start":{"line":31,"column":6},"end":{"line":31,"column":8}}],"line":15},"1":{"loc":{"start":{"line":16,"column":4},"end":{"line":16,"column":23}},"type":"default-arg","locations":[{"start":{"line":16,"column":21},"end":{"line":16,"column":23}}],"line":16},"2":{"loc":{"start":{"line":18,"column":4},"end":{"line":29,"column":6}},"type":"default-arg","locations":[{"start":{"line":18,"column":12},"end":{"line":29,"column":6}}],"line":18}},"s":{"0":10,"1":10,"2":10},"f":{"0":10,"1":10,"2":10},"b":{"0":[0],"1":[0],"2":[10]},"_coverageSchema":"1a1c01bbd47fc00a2c39e90264f33305004495a9","hash":"18ff576eec7cbc86feb811ff92347711246e63f7"}
,"/Users/nic/HackReactor/FEC/project-atlier/client/src/components/ProductDetails/Description.jsx": {"path":"/Users/nic/HackReactor/FEC/project-atlier/client/src/components/ProductDetails/Description.jsx","statementMap":{"0":{"start":{"line":8,"column":2},"end":{"line":29,"column":4}},"1":{"start":{"line":17,"column":39},"end":{"line":17,"column":43}},"2":{"start":{"line":18,"column":12},"end":{"line":24,"column":21}}},"fnMap":{"0":{"name":"Description","decl":{"start":{"line":5,"column":9},"end":{"line":5,"column":20}},"loc":{"start":{"line":5,"column":34},"end":{"line":30,"column":1}},"line":5},"1":{"name":"(anonymous_1)","decl":{"start":{"line":16,"column":32},"end":{"line":16,"column":33}},"loc":{"start":{"line":16,"column":42},"end":{"line":25,"column":11}},"line":16}},"branchMap":{"0":{"loc":{"start":{"line":18,"column":19},"end":{"line":24,"column":20}},"type":"cond-expr","locations":[{"start":{"line":19,"column":14},"end":{"line":23,"column":19}},{"start":{"line":24,"column":16},"end":{"line":24,"column":20}}],"line":18}},"s":{"0":6,"1":12,"2":12},"f":{"0":6,"1":12},"b":{"0":[12,0]},"_coverageSchema":"1a1c01bbd47fc00a2c39e90264f33305004495a9","hash":"d2b8f98b49c18321224fb7d9f83cbf8e16623385"}
,"/Users/nic/HackReactor/FEC/project-atlier/client/src/components/ProductDetails/Details.jsx": {"path":"/Users/nic/HackReactor/FEC/project-atlier/client/src/components/ProductDetails/Details.jsx","statementMap":{"0":{"start":{"line":14,"column":28},"end":{"line":14,"column":42}},"1":{"start":{"line":15,"column":19},"end":{"line":15,"column":62}},"2":{"start":{"line":21,"column":6},"end":{"line":21,"column":44}},"3":{"start":{"line":21,"column":29},"end":{"line":21,"column":43}},"4":{"start":{"line":22,"column":19},"end":{"line":22,"column":56}},"5":{"start":{"line":22,"column":42},"end":{"line":22,"column":55}},"6":{"start":{"line":24,"column":19},"end":{"line":24,"column":32}},"7":{"start":{"line":25,"column":21},"end":{"line":25,"column":49}},"8":{"start":{"line":26,"column":20},"end":{"line":26,"column":42}},"9":{"start":{"line":27,"column":18},"end":{"line":27,"column":30}},"10":{"start":{"line":29,"column":21},"end":{"line":37,"column":3}},"11":{"start":{"line":30,"column":19},"end":{"line":30,"column":52}},"12":{"start":{"line":32,"column":4},"end":{"line":35,"column":5}},"13":{"start":{"line":33,"column":22},"end":{"line":33,"column":76}},"14":{"start":{"line":33,"column":52},"end":{"line":33,"column":72}},"15":{"start":{"line":34,"column":6},"end":{"line":34,"column":23}},"16":{"start":{"line":36,"column":4},"end":{"line":36,"column":17}},"17":{"start":{"line":39,"column":2},"end":{"line":41,"column":9}},"18":{"start":{"line":40,"column":4},"end":{"line":40,"column":27}},"19":{"start":{"line":43,"column":2},"end":{"line":45,"column":3}},"20":{"start":{"line":44,"column":4},"end":{"line":44,"column":18}},"21":{"start":{"line":47,"column":26},"end":{"line":65,"column":3}},"22":{"start":{"line":48,"column":4},"end":{"line":64,"column":5}},"23":{"start":{"line":49,"column":18},"end":{"line":49,"column":36}},"24":{"start":{"line":50,"column":6},"end":{"line":57,"column":7}},"25":{"start":{"line":51,"column":8},"end":{"line":51,"column":161}},"26":{"start":{"line":52,"column":8},"end":{"line":52,"column":74}},"27":{"start":{"line":53,"column":8},"end":{"line":53,"column":27}},"28":{"start":{"line":54,"column":8},"end":{"line":54,"column":37}},"29":{"start":{"line":56,"column":8},"end":{"line":56,"column":45}},"30":{"start":{"line":58,"column":11},"end":{"line":64,"column":5}},"31":{"start":{"line":59,"column":6},"end":{"line":59,"column":116}},"32":{"start":{"line":61,"column":6},"end":{"line":61,"column":30}},"33":{"start":{"line":62,"column":6},"end":{"line":62,"column":31}},"34":{"start":{"line":63,"column":6},"end":{"line":63,"column":65}},"35":{"start":{"line":67,"column":28},"end":{"line":69,"column":3}},"36":{"start":{"line":68,"column":4},"end":{"line":68,"column":63}},"37":{"start":{"line":71,"column":25},"end":{"line":73,"column":3}},"38":{"start":{"line":72,"column":4},"end":{"line":72,"column":24}},"39":{"start":{"line":75,"column":26},"end":{"line":80,"column":3}},"40":{"start":{"line":76,"column":4},"end":{"line":78,"column":5}},"41":{"start":{"line":77,"column":6},"end":{"line":77,"column":31}},"42":{"start":{"line":79,"column":4},"end":{"line":79,"column":80}},"43":{"start":{"line":82,"column":2},"end":{"line":143,"column":4}},"44":{"start":{"line":111,"column":14},"end":{"line":117,"column":23}},"45":{"start":{"line":121,"column":84},"end":{"line":121,"column":160}},"46":{"start":{"line":123,"column":57},"end":{"line":123,"column":62}},"47":{"start":{"line":124,"column":24},"end":{"line":124,"column":68}}},"fnMap":{"0":{"name":"Details","decl":{"start":{"line":13,"column":9},"end":{"line":13,"column":16}},"loc":{"start":{"line":13,"column":35},"end":{"line":144,"column":1}},"line":13},"1":{"name":"(anonymous_1)","decl":{"start":{"line":21,"column":18},"end":{"line":21,"column":19}},"loc":{"start":{"line":21,"column":29},"end":{"line":21,"column":43}},"line":21},"2":{"name":"(anonymous_2)","decl":{"start":{"line":22,"column":31},"end":{"line":22,"column":32}},"loc":{"start":{"line":22,"column":42},"end":{"line":22,"column":55}},"line":22},"3":{"name":"(anonymous_3)","decl":{"start":{"line":29,"column":21},"end":{"line":29,"column":22}},"loc":{"start":{"line":29,"column":27},"end":{"line":37,"column":3}},"line":29},"4":{"name":"(anonymous_4)","decl":{"start":{"line":33,"column":36},"end":{"line":33,"column":37}},"loc":{"start":{"line":33,"column":52},"end":{"line":33,"column":72}},"line":33},"5":{"name":"(anonymous_5)","decl":{"start":{"line":39,"column":12},"end":{"line":39,"column":13}},"loc":{"start":{"line":39,"column":18},"end":{"line":41,"column":3}},"line":39},"6":{"name":"(anonymous_6)","decl":{"start":{"line":47,"column":26},"end":{"line":47,"column":27}},"loc":{"start":{"line":47,"column":38},"end":{"line":65,"column":3}},"line":47},"7":{"name":"(anonymous_7)","decl":{"start":{"line":67,"column":28},"end":{"line":67,"column":29}},"loc":{"start":{"line":67,"column":34},"end":{"line":69,"column":3}},"line":67},"8":{"name":"(anonymous_8)","decl":{"start":{"line":71,"column":25},"end":{"line":71,"column":26}},"loc":{"start":{"line":71,"column":31},"end":{"line":73,"column":3}},"line":71},"9":{"name":"(anonymous_9)","decl":{"start":{"line":75,"column":26},"end":{"line":75,"column":27}},"loc":{"start":{"line":75,"column":33},"end":{"line":80,"column":3}},"line":75},"10":{"name":"(anonymous_10)","decl":{"start":{"line":110,"column":12},"end":{"line":110,"column":13}},"loc":{"start":{"line":111,"column":14},"end":{"line":117,"column":23}},"line":111},"11":{"name":"(anonymous_11)","decl":{"start":{"line":121,"column":75},"end":{"line":121,"column":76}},"loc":{"start":{"line":121,"column":82},"end":{"line":121,"column":162}},"line":121},"12":{"name":"(anonymous_12)","decl":{"start":{"line":123,"column":47},"end":{"line":123,"column":48}},"loc":{"start":{"line":123,"column":57},"end":{"line":123,"column":62}},"line":123},"13":{"name":"(anonymous_13)","decl":{"start":{"line":124,"column":14},"end":{"line":124,"column":15}},"loc":{"start":{"line":124,"column":24},"end":{"line":124,"column":68}},"line":124}},"branchMap":{"0":{"loc":{"start":{"line":25,"column":21},"end":{"line":25,"column":49}},"type":"binary-expr","locations":[{"start":{"line":25,"column":21},"end":{"line":25,"column":44}},{"start":{"line":25,"column":48},"end":{"line":25,"column":49}}],"line":25},"1":{"loc":{"start":{"line":32,"column":4},"end":{"line":35,"column":5}},"type":"if","locations":[{"start":{"line":32,"column":4},"end":{"line":35,"column":5}},{"start":{},"end":{}}],"line":32},"2":{"loc":{"start":{"line":43,"column":2},"end":{"line":45,"column":3}},"type":"if","locations":[{"start":{"line":43,"column":2},"end":{"line":45,"column":3}},{"start":{},"end":{}}],"line":43},"3":{"loc":{"start":{"line":48,"column":4},"end":{"line":64,"column":5}},"type":"if","locations":[{"start":{"line":48,"column":4},"end":{"line":64,"column":5}},{"start":{"line":58,"column":11},"end":{"line":64,"column":5}}],"line":48},"4":{"loc":{"start":{"line":48,"column":8},"end":{"line":48,"column":42}},"type":"binary-expr","locations":[{"start":{"line":48,"column":8},"end":{"line":48,"column":18}},{"start":{"line":48,"column":22},"end":{"line":48,"column":42}}],"line":48},"5":{"loc":{"start":{"line":50,"column":6},"end":{"line":57,"column":7}},"type":"if","locations":[{"start":{"line":50,"column":6},"end":{"line":57,"column":7}},{"start":{"line":55,"column":13},"end":{"line":57,"column":7}}],"line":50},"6":{"loc":{"start":{"line":58,"column":11},"end":{"line":64,"column":5}},"type":"if","locations":[{"start":{"line":58,"column":11},"end":{"line":64,"column":5}},{"start":{"line":60,"column":11},"end":{"line":64,"column":5}}],"line":58},"7":{"loc":{"start":{"line":76,"column":4},"end":{"line":78,"column":5}},"type":"if","locations":[{"start":{"line":76,"column":4},"end":{"line":78,"column":5}},{"start":{},"end":{}}],"line":76},"8":{"loc":{"start":{"line":95,"column":10},"end":{"line":95,"column":100}},"type":"cond-expr","locations":[{"start":{"line":95,"column":37},"end":{"line":95,"column":93}},{"start":{"line":95,"column":96},"end":{"line":95,"column":100}}],"line":95},"9":{"loc":{"start":{"line":96,"column":22},"end":{"line":96,"column":69}},"type":"cond-expr","locations":[{"start":{"line":96,"column":49},"end":{"line":96,"column":64}},{"start":{"line":96,"column":67},"end":{"line":96,"column":69}}],"line":96},"10":{"loc":{"start":{"line":108,"column":25},"end":{"line":108,"column":60}},"type":"cond-expr","locations":[{"start":{"line":108,"column":33},"end":{"line":108,"column":45}},{"start":{"line":108,"column":48},"end":{"line":108,"column":60}}],"line":108},"11":{"loc":{"start":{"line":108,"column":63},"end":{"line":108,"column":101}},"type":"cond-expr","locations":[{"start":{"line":108,"column":71},"end":{"line":108,"column":84}},{"start":{"line":108,"column":87},"end":{"line":108,"column":101}}],"line":108},"12":{"loc":{"start":{"line":122,"column":11},"end":{"line":126,"column":32}},"type":"cond-expr","locations":[{"start":{"line":123,"column":14},"end":{"line":125,"column":13}},{"start":{"line":126,"column":14},"end":{"line":126,"column":32}}],"line":122}},"s":{"0":12,"1":12,"2":12,"3":18,"4":12,"5":18,"6":12,"7":12,"8":12,"9":12,"10":12,"11":6,"12":6,"13":6,"14":12,"15":6,"16":0,"17":12,"18":6,"19":12,"20":0,"21":12,"22":0,"23":0,"24":0,"25":0,"26":0,"27":0,"28":0,"29":0,"30":0,"31":0,"32":0,"33":0,"34":0,"35":12,"36":0,"37":12,"38":0,"39":12,"40":0,"41":0,"42":0,"43":12,"44":27,"45":0,"46":24,"47":24},"f":{"0":12,"1":18,"2":18,"3":6,"4":12,"5":6,"6":0,"7":0,"8":0,"9":0,"10":27,"11":0,"12":24,"13":24},"b":{"0":[12,3],"1":[6,0],"2":[0,12],"3":[0,0],"4":[0,0],"5":[0,0],"6":[0,0],"7":[0,0],"8":[0,12],"9":[0,12],"10":[8,4],"11":[8,4],"12":[3,9]},"_coverageSchema":"1a1c01bbd47fc00a2c39e90264f33305004495a9","hash":"73a5a4098076424ebcb187f6e41f33fd8defcec8"}
,"/Users/nic/HackReactor/FEC/project-atlier/client/src/components/ProductDetails/ImageViewer.jsx": {"path":"/Users/nic/HackReactor/FEC/project-atlier/client/src/components/ProductDetails/ImageViewer.jsx","statementMap":{"0":{"start":{"line":27,"column":6},"end":{"line":27,"column":44}},"1":{"start":{"line":27,"column":29},"end":{"line":27,"column":43}},"2":{"start":{"line":28,"column":19},"end":{"line":28,"column":32}},"3":{"start":{"line":29,"column":17},"end":{"line":29,"column":29}},"4":{"start":{"line":31,"column":38},"end":{"line":31,"column":50}},"5":{"start":{"line":32,"column":40},"end":{"line":32,"column":52}},"6":{"start":{"line":34,"column":27},"end":{"line":37,"column":3}},"7":{"start":{"line":35,"column":4},"end":{"line":35,"column":42}},"8":{"start":{"line":36,"column":4},"end":{"line":36,"column":33}},"9":{"start":{"line":39,"column":33},"end":{"line":51,"column":3}},"10":{"start":{"line":40,"column":4},"end":{"line":50,"column":5}},"11":{"start":{"line":41,"column":6},"end":{"line":43,"column":7}},"12":{"start":{"line":42,"column":8},"end":{"line":42,"column":71}},"13":{"start":{"line":44,"column":6},"end":{"line":44,"column":81}},"14":{"start":{"line":46,"column":6},"end":{"line":48,"column":7}},"15":{"start":{"line":47,"column":8},"end":{"line":47,"column":71}},"16":{"start":{"line":49,"column":6},"end":{"line":49,"column":81}},"17":{"start":{"line":53,"column":21},"end":{"line":64,"column":3}},"18":{"start":{"line":54,"column":4},"end":{"line":63,"column":6}},"19":{"start":{"line":55,"column":6},"end":{"line":61,"column":7}},"20":{"start":{"line":56,"column":8},"end":{"line":60,"column":10}},"21":{"start":{"line":57,"column":78},"end":{"line":57,"column":106}},"22":{"start":{"line":62,"column":6},"end":{"line":62,"column":18}},"23":{"start":{"line":66,"column":21},"end":{"line":73,"column":3}},"24":{"start":{"line":67,"column":4},"end":{"line":70,"column":5}},"25":{"start":{"line":68,"column":23},"end":{"line":68,"column":80}},"26":{"start":{"line":69,"column":6},"end":{"line":69,"column":30}},"27":{"start":{"line":71,"column":4},"end":{"line":71,"column":34}},"28":{"start":{"line":72,"column":4},"end":{"line":72,"column":38}},"29":{"start":{"line":75,"column":19},"end":{"line":83,"column":3}},"30":{"start":{"line":76,"column":19},"end":{"line":76,"column":58}},"31":{"start":{"line":77,"column":18},"end":{"line":77,"column":49}},"32":{"start":{"line":78,"column":19},"end":{"line":78,"column":49}},"33":{"start":{"line":79,"column":4},"end":{"line":81,"column":5}},"34":{"start":{"line":80,"column":6},"end":{"line":80,"column":18}},"35":{"start":{"line":82,"column":4},"end":{"line":82,"column":38}},"36":{"start":{"line":85,"column":2},"end":{"line":130,"column":4}},"37":{"start":{"line":108,"column":105},"end":{"line":108,"column":139}},"38":{"start":{"line":113,"column":101},"end":{"line":113,"column":163}},"39":{"start":{"line":116,"column":95},"end":{"line":116,"column":157}},"40":{"start":{"line":120,"column":109},"end":{"line":120,"column":139}},"41":{"start":{"line":124,"column":140},"end":{"line":124,"column":171}}},"fnMap":{"0":{"name":"ImageViewer","decl":{"start":{"line":20,"column":9},"end":{"line":20,"column":20}},"loc":{"start":{"line":20,"column":23},"end":{"line":131,"column":1}},"line":20},"1":{"name":"(anonymous_1)","decl":{"start":{"line":27,"column":18},"end":{"line":27,"column":19}},"loc":{"start":{"line":27,"column":29},"end":{"line":27,"column":43}},"line":27},"2":{"name":"(anonymous_2)","decl":{"start":{"line":34,"column":27},"end":{"line":34,"column":28}},"loc":{"start":{"line":34,"column":43},"end":{"line":37,"column":3}},"line":34},"3":{"name":"(anonymous_3)","decl":{"start":{"line":39,"column":33},"end":{"line":39,"column":34}},"loc":{"start":{"line":39,"column":48},"end":{"line":51,"column":3}},"line":39},"4":{"name":"(anonymous_4)","decl":{"start":{"line":53,"column":21},"end":{"line":53,"column":22}},"loc":{"start":{"line":54,"column":4},"end":{"line":63,"column":6}},"line":54},"5":{"name":"(anonymous_5)","decl":{"start":{"line":54,"column":29},"end":{"line":54,"column":30}},"loc":{"start":{"line":54,"column":45},"end":{"line":63,"column":5}},"line":54},"6":{"name":"(anonymous_6)","decl":{"start":{"line":57,"column":72},"end":{"line":57,"column":73}},"loc":{"start":{"line":57,"column":78},"end":{"line":57,"column":106}},"line":57},"7":{"name":"(anonymous_7)","decl":{"start":{"line":66,"column":21},"end":{"line":66,"column":22}},"loc":{"start":{"line":66,"column":27},"end":{"line":73,"column":3}},"line":66},"8":{"name":"(anonymous_8)","decl":{"start":{"line":75,"column":19},"end":{"line":75,"column":20}},"loc":{"start":{"line":75,"column":26},"end":{"line":83,"column":3}},"line":75},"9":{"name":"(anonymous_9)","decl":{"start":{"line":108,"column":97},"end":{"line":108,"column":98}},"loc":{"start":{"line":108,"column":103},"end":{"line":108,"column":141}},"line":108},"10":{"name":"(anonymous_10)","decl":{"start":{"line":113,"column":95},"end":{"line":113,"column":96}},"loc":{"start":{"line":113,"column":101},"end":{"line":113,"column":163}},"line":113},"11":{"name":"(anonymous_11)","decl":{"start":{"line":116,"column":89},"end":{"line":116,"column":90}},"loc":{"start":{"line":116,"column":95},"end":{"line":116,"column":157}},"line":116},"12":{"name":"(anonymous_12)","decl":{"start":{"line":120,"column":103},"end":{"line":120,"column":104}},"loc":{"start":{"line":120,"column":109},"end":{"line":120,"column":139}},"line":120},"13":{"name":"(anonymous_13)","decl":{"start":{"line":124,"column":134},"end":{"line":124,"column":135}},"loc":{"start":{"line":124,"column":140},"end":{"line":124,"column":171}},"line":124}},"branchMap":{"0":{"loc":{"start":{"line":40,"column":4},"end":{"line":50,"column":5}},"type":"if","locations":[{"start":{"line":40,"column":4},"end":{"line":50,"column":5}},{"start":{"line":45,"column":11},"end":{"line":50,"column":5}}],"line":40},"1":{"loc":{"start":{"line":41,"column":6},"end":{"line":43,"column":7}},"type":"if","locations":[{"start":{"line":41,"column":6},"end":{"line":43,"column":7}},{"start":{},"end":{}}],"line":41},"2":{"loc":{"start":{"line":46,"column":6},"end":{"line":48,"column":7}},"type":"if","locations":[{"start":{"line":46,"column":6},"end":{"line":48,"column":7}},{"start":{},"end":{}}],"line":46},"3":{"loc":{"start":{"line":55,"column":6},"end":{"line":61,"column":7}},"type":"if","locations":[{"start":{"line":55,"column":6},"end":{"line":61,"column":7}},{"start":{},"end":{}}],"line":55},"4":{"loc":{"start":{"line":55,"column":10},"end":{"line":55,"column":56}},"type":"binary-expr","locations":[{"start":{"line":55,"column":10},"end":{"line":55,"column":31}},{"start":{"line":55,"column":35},"end":{"line":55,"column":56}}],"line":55},"5":{"loc":{"start":{"line":58,"column":28},"end":{"line":58,"column":114}},"type":"cond-expr","locations":[{"start":{"line":58,"column":81},"end":{"line":58,"column":100}},{"start":{"line":58,"column":103},"end":{"line":58,"column":114}}],"line":58},"6":{"loc":{"start":{"line":58,"column":121},"end":{"line":58,"column":175}},"type":"cond-expr","locations":[{"start":{"line":58,"column":143},"end":{"line":58,"column":162}},{"start":{"line":58,"column":165},"end":{"line":58,"column":175}}],"line":58},"7":{"loc":{"start":{"line":67,"column":4},"end":{"line":70,"column":5}},"type":"if","locations":[{"start":{"line":67,"column":4},"end":{"line":70,"column":5}},{"start":{},"end":{}}],"line":67},"8":{"loc":{"start":{"line":79,"column":4},"end":{"line":81,"column":5}},"type":"if","locations":[{"start":{"line":79,"column":4},"end":{"line":81,"column":5}},{"start":{},"end":{}}],"line":79},"9":{"loc":{"start":{"line":86,"column":4},"end":{"line":128,"column":7}},"type":"cond-expr","locations":[{"start":{"line":88,"column":8},"end":{"line":104,"column":14}},{"start":{"line":107,"column":8},"end":{"line":127,"column":14}}],"line":86},"10":{"loc":{"start":{"line":86,"column":4},"end":{"line":86,"column":21}},"type":"binary-expr","locations":[{"start":{"line":86,"column":4},"end":{"line":86,"column":8}},{"start":{"line":86,"column":12},"end":{"line":86,"column":21}}],"line":86},"11":{"loc":{"start":{"line":95,"column":21},"end":{"line":95,"column":71}},"type":"binary-expr","locations":[{"start":{"line":95,"column":21},"end":{"line":95,"column":57}},{"start":{"line":95,"column":61},"end":{"line":95,"column":71}}],"line":95},"12":{"loc":{"start":{"line":109,"column":13},"end":{"line":109,"column":53}},"type":"cond-expr","locations":[{"start":{"line":109,"column":24},"end":{"line":109,"column":38}},{"start":{"line":109,"column":41},"end":{"line":109,"column":53}}],"line":109},"13":{"loc":{"start":{"line":111,"column":26},"end":{"line":111,"column":58}},"type":"cond-expr","locations":[{"start":{"line":111,"column":37},"end":{"line":111,"column":47}},{"start":{"line":111,"column":50},"end":{"line":111,"column":58}}],"line":111},"14":{"loc":{"start":{"line":113,"column":15},"end":{"line":113,"column":174}},"type":"cond-expr","locations":[{"start":{"line":113,"column":26},"end":{"line":113,"column":167}},{"start":{"line":113,"column":170},"end":{"line":113,"column":174}}],"line":113},"15":{"loc":{"start":{"line":115,"column":15},"end":{"line":117,"column":22}},"type":"cond-expr","locations":[{"start":{"line":116,"column":18},"end":{"line":116,"column":161}},{"start":{"line":117,"column":18},"end":{"line":117,"column":22}}],"line":115},"16":{"loc":{"start":{"line":120,"column":15},"end":{"line":120,"column":150}},"type":"cond-expr","locations":[{"start":{"line":120,"column":32},"end":{"line":120,"column":143}},{"start":{"line":120,"column":146},"end":{"line":120,"column":150}}],"line":120},"17":{"loc":{"start":{"line":121,"column":33},"end":{"line":121,"column":79}},"type":"cond-expr","locations":[{"start":{"line":121,"column":44},"end":{"line":121,"column":56}},{"start":{"line":121,"column":59},"end":{"line":121,"column":79}}],"line":121},"18":{"loc":{"start":{"line":121,"column":130},"end":{"line":121,"column":158}},"type":"cond-expr","locations":[{"start":{"line":121,"column":141},"end":{"line":121,"column":151}},{"start":{"line":121,"column":154},"end":{"line":121,"column":158}}],"line":121},"19":{"loc":{"start":{"line":122,"column":32},"end":{"line":122,"column":72}},"type":"cond-expr","locations":[{"start":{"line":122,"column":43},"end":{"line":122,"column":58}},{"start":{"line":122,"column":61},"end":{"line":122,"column":72}}],"line":122},"20":{"loc":{"start":{"line":122,"column":103},"end":{"line":122,"column":153}},"type":"binary-expr","locations":[{"start":{"line":122,"column":103},"end":{"line":122,"column":139}},{"start":{"line":122,"column":143},"end":{"line":122,"column":153}}],"line":122},"21":{"loc":{"start":{"line":124,"column":15},"end":{"line":124,"column":182}},"type":"cond-expr","locations":[{"start":{"line":124,"column":62},"end":{"line":124,"column":175}},{"start":{"line":124,"column":178},"end":{"line":124,"column":182}}],"line":124}},"s":{"0":10,"1":20,"2":10,"3":10,"4":10,"5":10,"6":10,"7":1,"8":1,"9":10,"10":0,"11":0,"12":0,"13":0,"14":0,"15":0,"16":0,"17":10,"18":9,"19":66,"20":58,"21":1,"22":8,"23":10,"24":1,"25":0,"26":0,"27":1,"28":1,"29":10,"30":0,"31":0,"32":0,"33":0,"34":0,"35":0,"36":10,"37":2,"38":0,"39":0,"40":0,"41":0},"f":{"0":10,"1":20,"2":1,"3":0,"4":9,"5":66,"6":1,"7":1,"8":0,"9":2,"10":0,"11":0,"12":0,"13":0},"b":{"0":[0,0],"1":[0,0],"2":[0,0],"3":[58,8],"4":[66,66],"5":[10,48],"6":[58,0],"7":[0,1],"8":[0,0],"9":[1,9],"10":[10,1],"11":[1,0],"12":[2,7],"13":[2,7],"14":[0,9],"15":[8,1],"16":[8,1],"17":[2,7],"18":[2,7],"19":[2,7],"20":[9,0],"21":[8,1]},"_coverageSchema":"1a1c01bbd47fc00a2c39e90264f33305004495a9","hash":"6b6fa1dc910e0091fc97530801ce0e96b3dfc5ed"}
,"/Users/nic/HackReactor/FEC/project-atlier/client/src/components/ProductDetails/ProductDetails.jsx": {"path":"/Users/nic/HackReactor/FEC/project-atlier/client/src/components/ProductDetails/ProductDetails.jsx","statementMap":{"0":{"start":{"line":12,"column":17},"end":{"line":12,"column":28}},"1":{"start":{"line":13,"column":19},"end":{"line":13,"column":32}},"2":{"start":{"line":14,"column":29},"end":{"line":14,"column":67}},"3":{"start":{"line":14,"column":52},"end":{"line":14,"column":66}},"4":{"start":{"line":21,"column":6},"end":{"line":23,"column":4}},"5":{"start":{"line":27,"column":2},"end":{"line":31,"column":48}},"6":{"start":{"line":28,"column":4},"end":{"line":30,"column":5}},"7":{"start":{"line":29,"column":6},"end":{"line":29,"column":28}},"8":{"start":{"line":33,"column":2},"end":{"line":35,"column":3}},"9":{"start":{"line":34,"column":4},"end":{"line":34,"column":54}},"10":{"start":{"line":37,"column":2},"end":{"line":55,"column":4}}},"fnMap":{"0":{"name":"ProductDetails","decl":{"start":{"line":11,"column":9},"end":{"line":11,"column":23}},"loc":{"start":{"line":11,"column":42},"end":{"line":56,"column":1}},"line":11},"1":{"name":"(anonymous_1)","decl":{"start":{"line":14,"column":41},"end":{"line":14,"column":42}},"loc":{"start":{"line":14,"column":52},"end":{"line":14,"column":66}},"line":14},"2":{"name":"(anonymous_2)","decl":{"start":{"line":27,"column":12},"end":{"line":27,"column":13}},"loc":{"start":{"line":27,"column":18},"end":{"line":31,"column":3}},"line":27}},"branchMap":{"0":{"loc":{"start":{"line":28,"column":4},"end":{"line":30,"column":5}},"type":"if","locations":[{"start":{"line":28,"column":4},"end":{"line":30,"column":5}},{"start":{},"end":{}}],"line":28},"1":{"loc":{"start":{"line":28,"column":8},"end":{"line":28,"column":24}},"type":"binary-expr","locations":[{"start":{"line":28,"column":8},"end":{"line":28,"column":13}},{"start":{"line":28,"column":17},"end":{"line":28,"column":24}}],"line":28},"2":{"loc":{"start":{"line":33,"column":2},"end":{"line":35,"column":3}},"type":"if","locations":[{"start":{"line":33,"column":2},"end":{"line":35,"column":3}},{"start":{},"end":{}}],"line":33},"3":{"loc":{"start":{"line":33,"column":6},"end":{"line":33,"column":32}},"type":"binary-expr","locations":[{"start":{"line":33,"column":6},"end":{"line":33,"column":16}},{"start":{"line":33,"column":20},"end":{"line":33,"column":32}}],"line":33},"4":{"loc":{"start":{"line":39,"column":7},"end":{"line":52,"column":7}},"type":"cond-expr","locations":[{"start":{"line":40,"column":8},"end":{"line":42,"column":14}},{"start":{"line":44,"column":8},"end":{"line":51,"column":14}}],"line":39},"5":{"loc":{"start":{"line":39,"column":7},"end":{"line":39,"column":23}},"type":"binary-expr","locations":[{"start":{"line":39,"column":7},"end":{"line":39,"column":15}},{"start":{"line":39,"column":19},"end":{"line":39,"column":23}}],"line":39}},"s":{"0":11,"1":11,"2":11,"3":26,"4":11,"5":11,"6":6,"7":0,"8":11,"9":6,"10":5},"f":{"0":11,"1":26,"2":6},"b":{"0":[0,6],"1":[6,6],"2":[6,5],"3":[11,5],"4":[1,4],"5":[5,4]},"_coverageSchema":"1a1c01bbd47fc00a2c39e90264f33305004495a9","hash":"9283ca11a6b35e92cf5c388734eef95db1d48b06"}
,"/Users/nic/HackReactor/FEC/project-atlier/client/src/components/ProductDetails/StyleImage.jsx": {"path":"/Users/nic/HackReactor/FEC/project-atlier/client/src/components/ProductDetails/StyleImage.jsx","statementMap":{"0":{"start":{"line":8,"column":46},"end":{"line":8,"column":84}},"1":{"start":{"line":8,"column":69},"end":{"line":8,"column":83}},"2":{"start":{"line":9,"column":19},"end":{"line":9,"column":32}},"3":{"start":{"line":10,"column":32},"end":{"line":10,"column":83}},"4":{"start":{"line":12,"column":22},"end":{"line":24,"column":3}},"5":{"start":{"line":13,"column":16},"end":{"line":13,"column":35}},"6":{"start":{"line":14,"column":4},"end":{"line":14,"column":38}},"7":{"start":{"line":15,"column":4},"end":{"line":20,"column":5}},"8":{"start":{"line":16,"column":6},"end":{"line":16,"column":63}},"9":{"start":{"line":18,"column":6},"end":{"line":18,"column":60}},"10":{"start":{"line":19,"column":6},"end":{"line":19,"column":74}},"11":{"start":{"line":21,"column":4},"end":{"line":23,"column":5}},"12":{"start":{"line":22,"column":6},"end":{"line":22,"column":80}},"13":{"start":{"line":26,"column":2},"end":{"line":33,"column":4}}},"fnMap":{"0":{"name":"StyleImage","decl":{"start":{"line":7,"column":9},"end":{"line":7,"column":19}},"loc":{"start":{"line":7,"column":38},"end":{"line":34,"column":1}},"line":7},"1":{"name":"(anonymous_1)","decl":{"start":{"line":8,"column":58},"end":{"line":8,"column":59}},"loc":{"start":{"line":8,"column":69},"end":{"line":8,"column":83}},"line":8},"2":{"name":"(anonymous_2)","decl":{"start":{"line":12,"column":22},"end":{"line":12,"column":23}},"loc":{"start":{"line":12,"column":28},"end":{"line":24,"column":3}},"line":12}},"branchMap":{"0":{"loc":{"start":{"line":15,"column":4},"end":{"line":20,"column":5}},"type":"if","locations":[{"start":{"line":15,"column":4},"end":{"line":20,"column":5}},{"start":{"line":17,"column":11},"end":{"line":20,"column":5}}],"line":15},"1":{"loc":{"start":{"line":21,"column":4},"end":{"line":23,"column":5}},"type":"if","locations":[{"start":{"line":21,"column":4},"end":{"line":23,"column":5}},{"start":{},"end":{}}],"line":21},"2":{"loc":{"start":{"line":29,"column":9},"end":{"line":29,"column":87}},"type":"cond-expr","locations":[{"start":{"line":29,"column":19},"end":{"line":29,"column":80}},{"start":{"line":29,"column":83},"end":{"line":29,"column":87}}],"line":29},"3":{"loc":{"start":{"line":30,"column":24},"end":{"line":30,"column":60}},"type":"cond-expr","locations":[{"start":{"line":30,"column":34},"end":{"line":30,"column":44}},{"start":{"line":30,"column":47},"end":{"line":30,"column":60}}],"line":30},"4":{"loc":{"start":{"line":30,"column":67},"end":{"line":30,"column":86}},"type":"binary-expr","locations":[{"start":{"line":30,"column":67},"end":{"line":30,"column":72}},{"start":{"line":30,"column":76},"end":{"line":30,"column":86}}],"line":30}},"s":{"0":22,"1":34,"2":22,"3":22,"4":22,"5":2,"6":2,"7":2,"8":2,"9":0,"10":0,"11":2,"12":0,"13":22},"f":{"0":22,"1":34,"2":2},"b":{"0":[2,0],"1":[0,2],"2":[11,11],"3":[11,11],"4":[22,0]},"_coverageSchema":"1a1c01bbd47fc00a2c39e90264f33305004495a9","hash":"2268a0910e8f93071c515e972f48dbc0cfbe76cb"}
,"/Users/nic/HackReactor/FEC/project-atlier/client/src/components/ProductDetails/StyleList.jsx": {"path":"/Users/nic/HackReactor/FEC/project-atlier/client/src/components/ProductDetails/StyleList.jsx","statementMap":{"0":{"start":{"line":7,"column":19},"end":{"line":7,"column":57}},"1":{"start":{"line":7,"column":42},"end":{"line":7,"column":56}},"2":{"start":{"line":9,"column":2},"end":{"line":19,"column":4}},"3":{"start":{"line":12,"column":8},"end":{"line":16,"column":10}}},"fnMap":{"0":{"name":"StyleList","decl":{"start":{"line":6,"column":9},"end":{"line":6,"column":18}},"loc":{"start":{"line":6,"column":21},"end":{"line":20,"column":1}},"line":6},"1":{"name":"(anonymous_1)","decl":{"start":{"line":7,"column":31},"end":{"line":7,"column":32}},"loc":{"start":{"line":7,"column":42},"end":{"line":7,"column":56}},"line":7},"2":{"name":"(anonymous_2)","decl":{"start":{"line":11,"column":18},"end":{"line":11,"column":19}},"loc":{"start":{"line":12,"column":8},"end":{"line":16,"column":10}},"line":12}},"branchMap":{},"s":{"0":11,"1":17,"2":11,"3":22},"f":{"0":11,"1":17,"2":22},"b":{},"_coverageSchema":"1a1c01bbd47fc00a2c39e90264f33305004495a9","hash":"86a4442b6fe5d4d411cba5bd38838265e53552e1"}
,"/Users/nic/HackReactor/FEC/project-atlier/client/src/components/QuestionsAnswers/subComponents/Search.jsx": {"path":"/Users/nic/HackReactor/FEC/project-atlier/client/src/components/QuestionsAnswers/subComponents/Search.jsx","statementMap":{"0":{"start":{"line":4,"column":2},"end":{"line":13,"column":4}}},"fnMap":{"0":{"name":"Search","decl":{"start":{"line":3,"column":9},"end":{"line":3,"column":15}},"loc":{"start":{"line":3,"column":30},"end":{"line":14,"column":1}},"line":3}},"branchMap":{},"s":{"0":1},"f":{"0":1},"b":{},"_coverageSchema":"1a1c01bbd47fc00a2c39e90264f33305004495a9","hash":"1de00b63c449cecf52c5abf7b10d362d75ec058f"}
,"/Users/nic/HackReactor/FEC/project-atlier/client/src/components/RelatedItems/FormatCard.jsx": {"path":"/Users/nic/HackReactor/FEC/project-atlier/client/src/components/RelatedItems/FormatCard.jsx","statementMap":{"0":{"start":{"line":16,"column":19},"end":{"line":16,"column":32}},"1":{"start":{"line":17,"column":19},"end":{"line":17,"column":32}},"2":{"start":{"line":18,"column":20},"end":{"line":18,"column":58}},"3":{"start":{"line":18,"column":43},"end":{"line":18,"column":57}},"4":{"start":{"line":22,"column":4},"end":{"line":22,"column":44}},"5":{"start":{"line":23,"column":4},"end":{"line":23,"column":30}},"6":{"start":{"line":28,"column":4},"end":{"line":28,"column":23}},"7":{"start":{"line":29,"column":4},"end":{"line":29,"column":30}},"8":{"start":{"line":30,"column":4},"end":{"line":30,"column":67}},"9":{"start":{"line":31,"column":4},"end":{"line":31,"column":59}},"10":{"start":{"line":32,"column":4},"end":{"line":32,"column":50}},"11":{"start":{"line":33,"column":4},"end":{"line":33,"column":56}},"12":{"start":{"line":38,"column":4},"end":{"line":38,"column":23}},"13":{"start":{"line":39,"column":4},"end":{"line":39,"column":30}},"14":{"start":{"line":42,"column":2},"end":{"line":63,"column":4}},"15":{"start":{"line":43,"column":68},"end":{"line":43,"column":109}},"16":{"start":{"line":46,"column":25},"end":{"line":46,"column":50}},"17":{"start":{"line":50,"column":23},"end":{"line":50,"column":45}}},"fnMap":{"0":{"name":"FormatCard","decl":{"start":{"line":15,"column":9},"end":{"line":15,"column":19}},"loc":{"start":{"line":15,"column":86},"end":{"line":64,"column":1}},"line":15},"1":{"name":"(anonymous_1)","decl":{"start":{"line":18,"column":32},"end":{"line":18,"column":33}},"loc":{"start":{"line":18,"column":43},"end":{"line":18,"column":57}},"line":18},"2":{"name":"removeFromOutfit","decl":{"start":{"line":21,"column":11},"end":{"line":21,"column":27}},"loc":{"start":{"line":21,"column":38},"end":{"line":24,"column":3}},"line":21},"3":{"name":"handleModalClick","decl":{"start":{"line":27,"column":11},"end":{"line":27,"column":27}},"loc":{"start":{"line":27,"column":41},"end":{"line":34,"column":3}},"line":27},"4":{"name":"navigateToRelatedItem","decl":{"start":{"line":37,"column":11},"end":{"line":37,"column":32}},"loc":{"start":{"line":37,"column":47},"end":{"line":40,"column":3}},"line":37},"5":{"name":"(anonymous_5)","decl":{"start":{"line":43,"column":61},"end":{"line":43,"column":62}},"loc":{"start":{"line":43,"column":68},"end":{"line":43,"column":109}},"line":43},"6":{"name":"(anonymous_6)","decl":{"start":{"line":46,"column":17},"end":{"line":46,"column":18}},"loc":{"start":{"line":46,"column":24},"end":{"line":46,"column":51}},"line":46},"7":{"name":"(anonymous_7)","decl":{"start":{"line":50,"column":17},"end":{"line":50,"column":18}},"loc":{"start":{"line":50,"column":23},"end":{"line":50,"column":45}},"line":50}},"branchMap":{"0":{"loc":{"start":{"line":48,"column":7},"end":{"line":51,"column":8}},"type":"binary-expr","locations":[{"start":{"line":48,"column":7},"end":{"line":48,"column":13}},{"start":{"line":48,"column":17},"end":{"line":51,"column":8}}],"line":48},"1":{"loc":{"start":{"line":56,"column":7},"end":{"line":61,"column":30}},"type":"cond-expr","locations":[{"start":{"line":57,"column":8},"end":{"line":60,"column":14}},{"start":{"line":61,"column":10},"end":{"line":61,"column":30}}],"line":56}},"s":{"0":1,"1":1,"2":1,"3":1,"4":0,"5":0,"6":0,"7":0,"8":0,"9":0,"10":0,"11":0,"12":0,"13":0,"14":1,"15":0,"16":0,"17":0},"f":{"0":1,"1":1,"2":0,"3":0,"4":0,"5":0,"6":0,"7":0},"b":{"0":[1,0],"1":[0,1]},"_coverageSchema":"1a1c01bbd47fc00a2c39e90264f33305004495a9","hash":"9f827ae2510fb543716bb595b7f91f990079c7aa"}
,"/Users/nic/HackReactor/FEC/project-atlier/client/src/components/ReviewsRatings/QuarterIncStarRating.jsx": {"path":"/Users/nic/HackReactor/FEC/project-atlier/client/src/components/ReviewsRatings/QuarterIncStarRating.jsx","statementMap":{"0":{"start":{"line":7,"column":2},"end":{"line":9,"column":3}},"1":{"start":{"line":8,"column":4},"end":{"line":8,"column":49}},"2":{"start":{"line":10,"column":23},"end":{"line":10,"column":48}},"3":{"start":{"line":11,"column":20},"end":{"line":11,"column":86}},"4":{"start":{"line":12,"column":20},"end":{"line":12,"column":50}},"5":{"start":{"line":13,"column":18},"end":{"line":13,"column":26}},"6":{"start":{"line":14,"column":2},"end":{"line":43,"column":4}},"7":{"start":{"line":18,"column":8},"end":{"line":20,"column":15}},"8":{"start":{"line":37,"column":8},"end":{"line":39,"column":15}}},"fnMap":{"0":{"name":"QuarterIncStarRating","decl":{"start":{"line":6,"column":9},"end":{"line":6,"column":29}},"loc":{"start":{"line":6,"column":49},"end":{"line":44,"column":1}},"line":6},"1":{"name":"(anonymous_1)","decl":{"start":{"line":17,"column":36},"end":{"line":17,"column":37}},"loc":{"start":{"line":18,"column":8},"end":{"line":20,"column":15}},"line":18},"2":{"name":"(anonymous_2)","decl":{"start":{"line":36,"column":33},"end":{"line":36,"column":34}},"loc":{"start":{"line":37,"column":8},"end":{"line":39,"column":15}},"line":37}},"branchMap":{"0":{"loc":{"start":{"line":7,"column":2},"end":{"line":9,"column":3}},"type":"if","locations":[{"start":{"line":7,"column":2},"end":{"line":9,"column":3}},{"start":{},"end":{}}],"line":7},"1":{"loc":{"start":{"line":22,"column":8},"end":{"line":35,"column":7}},"type":"binary-expr","locations":[{"start":{"line":22,"column":8},"end":{"line":22,"column":44}},{"start":{"line":23,"column":8},"end":{"line":34,"column":15}}],"line":22}},"s":{"0":11,"1":0,"2":11,"3":11,"4":11,"5":11,"6":11,"7":33,"8":11},"f":{"0":11,"1":33,"2":11},"b":{"0":[0,11],"1":[11,11]},"_coverageSchema":"1a1c01bbd47fc00a2c39e90264f33305004495a9","hash":"f0155c5e4356204a6696c8805f7eb771db96c180"}
,"/Users/nic/HackReactor/FEC/project-atlier/client/src/components/ReviewsRatings/QuarterStarsAverageRating.jsx": {"path":"/Users/nic/HackReactor/FEC/project-atlier/client/src/components/ReviewsRatings/QuarterStarsAverageRating.jsx","statementMap":{"0":{"start":{"line":9,"column":12},"end":{"line":9,"column":13}},"1":{"start":{"line":10,"column":21},"end":{"line":10,"column":22}},"2":{"start":{"line":11,"column":2},"end":{"line":13,"column":3}},"3":{"start":{"line":12,"column":4},"end":{"line":12,"column":11}},"4":{"start":{"line":14,"column":2},"end":{"line":17,"column":3}},"5":{"start":{"line":15,"column":4},"end":{"line":15,"column":54}},"6":{"start":{"line":16,"column":4},"end":{"line":16,"column":47}},"7":{"start":{"line":19,"column":24},"end":{"line":19,"column":42}},"8":{"start":{"line":20,"column":21},"end":{"line":20,"column":56}},"9":{"start":{"line":21,"column":2},"end":{"line":26,"column":4}}},"fnMap":{"0":{"name":"QuarterStarsAverageRating","decl":{"start":{"line":8,"column":9},"end":{"line":8,"column":34}},"loc":{"start":{"line":8,"column":54},"end":{"line":27,"column":1}},"line":8}},"branchMap":{"0":{"loc":{"start":{"line":11,"column":2},"end":{"line":13,"column":3}},"type":"if","locations":[{"start":{"line":11,"column":2},"end":{"line":13,"column":3}},{"start":{},"end":{}}],"line":11},"1":{"loc":{"start":{"line":11,"column":6},"end":{"line":11,"column":63}},"type":"binary-expr","locations":[{"start":{"line":11,"column":6},"end":{"line":11,"column":20}},{"start":{"line":11,"column":24},"end":{"line":11,"column":63}}],"line":11}},"s":{"0":11,"1":11,"2":11,"3":0,"4":11,"5":55,"6":55,"7":11,"8":11,"9":11},"f":{"0":11},"b":{"0":[0,11],"1":[11,11]},"_coverageSchema":"1a1c01bbd47fc00a2c39e90264f33305004495a9","hash":"c78950b63c54fb9abd39d48870c3647d4a8d209f"}
,"/Users/nic/HackReactor/FEC/project-atlier/client/src/components/ReviewsRatings/SortReviews.jsx": {"path":"/Users/nic/HackReactor/FEC/project-atlier/client/src/components/ReviewsRatings/SortReviews.jsx","statementMap":{"0":{"start":{"line":5,"column":29},"end":{"line":7,"column":3}},"1":{"start":{"line":6,"column":4},"end":{"line":6,"column":40}},"2":{"start":{"line":9,"column":2},"end":{"line":24,"column":4}},"3":{"start":{"line":16,"column":10},"end":{"line":16,"column":32}}},"fnMap":{"0":{"name":"Dropdown","decl":{"start":{"line":4,"column":9},"end":{"line":4,"column":17}},"loc":{"start":{"line":4,"column":50},"end":{"line":25,"column":1}},"line":4},"1":{"name":"(anonymous_1)","decl":{"start":{"line":5,"column":29},"end":{"line":5,"column":30}},"loc":{"start":{"line":5,"column":40},"end":{"line":7,"column":3}},"line":5},"2":{"name":"(anonymous_2)","decl":{"start":{"line":15,"column":18},"end":{"line":15,"column":19}},"loc":{"start":{"line":15,"column":25},"end":{"line":17,"column":9}},"line":15}},"branchMap":{},"s":{"0":2,"1":0,"2":2,"3":0},"f":{"0":2,"1":0,"2":0},"b":{},"_coverageSchema":"1a1c01bbd47fc00a2c39e90264f33305004495a9","hash":"4bdf4bd62e50df83787b8284fa6f55f3919e45ca"}
,"/Users/nic/HackReactor/FEC/project-atlier/client/src/components/SharedComponents/Spinner.jsx": {"path":"/Users/nic/HackReactor/FEC/project-atlier/client/src/components/SharedComponents/Spinner.jsx","statementMap":{"0":{"start":{"line":5,"column":2},"end":{"line":27,"column":4}}},"fnMap":{"0":{"name":"Spinner","decl":{"start":{"line":4,"column":9},"end":{"line":4,"column":16}},"loc":{"start":{"line":4,"column":30},"end":{"line":28,"column":1}},"line":4}},"branchMap":{"0":{"loc":{"start":{"line":6,"column":4},"end":{"line":26,"column":7}},"type":"cond-expr","locations":[{"start":{"line":8,"column":8},"end":{"line":15,"column":14}},{"start":{"line":18,"column":8},"end":{"line":25,"column":14}}],"line":6}},"s":{"0":6},"f":{"0":6},"b":{"0":[0,6]},"_coverageSchema":"1a1c01bbd47fc00a2c39e90264f33305004495a9","hash":"d18629fb491ac17e28c9e342afaac4b4ebe7452d"}
,"/Users/nic/HackReactor/FEC/project-atlier/client/src/features/api/apiSlice.js": {"path":"/Users/nic/HackReactor/FEC/project-atlier/client/src/features/api/apiSlice.js","statementMap":{"0":{"start":{"line":4,"column":19},"end":{"line":102,"column":2}},"1":{"start":{"line":10,"column":25},"end":{"line":94,"column":3}},"2":{"start":{"line":15,"column":19},"end":{"line":15,"column":45}},"3":{"start":{"line":19,"column":28},"end":{"line":19,"column":52}},"4":{"start":{"line":23,"column":28},"end":{"line":23,"column":59}},"5":{"start":{"line":27,"column":22},"end":{"line":27,"column":94}},"6":{"start":{"line":31,"column":28},"end":{"line":31,"column":67}},"7":{"start":{"line":35,"column":28},"end":{"line":35,"column":60}},"8":{"start":{"line":39,"column":24},"end":{"line":39,"column":67}},"9":{"start":{"line":40,"column":8},"end":{"line":40,"column":59}},"10":{"start":{"line":40,"column":27},"end":{"line":40,"column":59}},"11":{"start":{"line":41,"column":23},"end":{"line":41,"column":73}},"12":{"start":{"line":42,"column":8},"end":{"line":43,"column":106}},"13":{"start":{"line":48,"column":24},"end":{"line":48,"column":75}},"14":{"start":{"line":49,"column":8},"end":{"line":49,"column":59}},"15":{"start":{"line":49,"column":27},"end":{"line":49,"column":59}},"16":{"start":{"line":50,"column":25},"end":{"line":62,"column":11}},"17":{"start":{"line":51,"column":30},"end":{"line":51,"column":32}},"18":{"start":{"line":52,"column":10},"end":{"line":52,"column":40}},"19":{"start":{"line":53,"column":30},"end":{"line":53,"column":68}},"20":{"start":{"line":54,"column":10},"end":{"line":56,"column":59}},"21":{"start":{"line":57,"column":33},"end":{"line":57,"column":86}},"22":{"start":{"line":58,"column":10},"end":{"line":58,"column":124}},"23":{"start":{"line":59,"column":28},"end":{"line":59,"column":73}},"24":{"start":{"line":60,"column":10},"end":{"line":60,"column":106}},"25":{"start":{"line":61,"column":10},"end":{"line":61,"column":29}},"26":{"start":{"line":63,"column":8},"end":{"line":63,"column":34}},"27":{"start":{"line":67,"column":23},"end":{"line":71,"column":7}},"28":{"start":{"line":74,"column":23},"end":{"line":78,"column":7}},"29":{"start":{"line":81,"column":29},"end":{"line":85,"column":7}},"30":{"start":{"line":88,"column":29},"end":{"line":92,"column":7}},"31":{"start":{"line":119,"column":4},"end":{"line":119,"column":7}}},"fnMap":{"0":{"name":"(anonymous_0)","decl":{"start":{"line":10,"column":13},"end":{"line":10,"column":14}},"loc":{"start":{"line":10,"column":25},"end":{"line":94,"column":3}},"line":10},"1":{"name":"(anonymous_1)","decl":{"start":{"line":15,"column":13},"end":{"line":15,"column":14}},"loc":{"start":{"line":15,"column":19},"end":{"line":15,"column":45}},"line":15},"2":{"name":"(anonymous_2)","decl":{"start":{"line":19,"column":13},"end":{"line":19,"column":14}},"loc":{"start":{"line":19,"column":28},"end":{"line":19,"column":52}},"line":19},"3":{"name":"(anonymous_3)","decl":{"start":{"line":23,"column":13},"end":{"line":23,"column":14}},"loc":{"start":{"line":23,"column":28},"end":{"line":23,"column":59}},"line":23},"4":{"name":"(anonymous_4)","decl":{"start":{"line":27,"column":13},"end":{"line":27,"column":14}},"loc":{"start":{"line":27,"column":22},"end":{"line":27,"column":94}},"line":27},"5":{"name":"(anonymous_5)","decl":{"start":{"line":31,"column":13},"end":{"line":31,"column":14}},"loc":{"start":{"line":31,"column":28},"end":{"line":31,"column":67}},"line":31},"6":{"name":"(anonymous_6)","decl":{"start":{"line":35,"column":13},"end":{"line":35,"column":14}},"loc":{"start":{"line":35,"column":28},"end":{"line":35,"column":60}},"line":35},"7":{"name":"(anonymous_7)","decl":{"start":{"line":38,"column":6},"end":{"line":38,"column":7}},"loc":{"start":{"line":38,"column":70},"end":{"line":44,"column":7}},"line":38},"8":{"name":"(anonymous_8)","decl":{"start":{"line":47,"column":6},"end":{"line":47,"column":7}},"loc":{"start":{"line":47,"column":70},"end":{"line":64,"column":7}},"line":47},"9":{"name":"(anonymous_9)","decl":{"start":{"line":50,"column":60},"end":{"line":50,"column":61}},"loc":{"start":{"line":50,"column":76},"end":{"line":62,"column":9}},"line":50},"10":{"name":"(anonymous_10)","decl":{"start":{"line":67,"column":13},"end":{"line":67,"column":14}},"loc":{"start":{"line":67,"column":23},"end":{"line":71,"column":7}},"line":67},"11":{"name":"(anonymous_11)","decl":{"start":{"line":74,"column":13},"end":{"line":74,"column":14}},"loc":{"start":{"line":74,"column":23},"end":{"line":78,"column":7}},"line":74},"12":{"name":"(anonymous_12)","decl":{"start":{"line":81,"column":13},"end":{"line":81,"column":14}},"loc":{"start":{"line":81,"column":29},"end":{"line":85,"column":7}},"line":81},"13":{"name":"(anonymous_13)","decl":{"start":{"line":88,"column":13},"end":{"line":88,"column":14}},"loc":{"start":{"line":88,"column":29},"end":{"line":92,"column":7}},"line":88}},"branchMap":{"0":{"loc":{"start":{"line":40,"column":8},"end":{"line":40,"column":59}},"type":"if","locations":[{"start":{"line":40,"column":8},"end":{"line":40,"column":59}},{"start":{},"end":{}}],"line":40},"1":{"loc":{"start":{"line":42,"column":15},"end":{"line":43,"column":105}},"type":"cond-expr","locations":[{"start":{"line":43,"column":12},"end":{"line":43,"column":68}},{"start":{"line":43,"column":71},"end":{"line":43,"column":105}}],"line":42},"2":{"loc":{"start":{"line":42,"column":15},"end":{"line":42,"column":79}},"type":"binary-expr","locations":[{"start":{"line":42,"column":15},"end":{"line":42,"column":26}},{"start":{"line":42,"column":30},"end":{"line":42,"column":49}},{"start":{"line":42,"column":53},"end":{"line":42,"column":79}}],"line":42},"3":{"loc":{"start":{"line":49,"column":8},"end":{"line":49,"column":59}},"type":"if","locations":[{"start":{"line":49,"column":8},"end":{"line":49,"column":59}},{"start":{},"end":{}}],"line":49},"4":{"loc":{"start":{"line":54,"column":10},"end":{"line":56,"column":58}},"type":"cond-expr","locations":[{"start":{"line":55,"column":14},"end":{"line":55,"column":52}},{"start":{"line":56,"column":14},"end":{"line":56,"column":58}}],"line":54},"5":{"loc":{"start":{"line":58,"column":10},"end":{"line":58,"column":123}},"type":"cond-expr","locations":[{"start":{"line":58,"column":32},"end":{"line":58,"column":73}},{"start":{"line":58,"column":76},"end":{"line":58,"column":123}}],"line":58},"6":{"loc":{"start":{"line":60,"column":10},"end":{"line":60,"column":105}},"type":"cond-expr","locations":[{"start":{"line":60,"column":27},"end":{"line":60,"column":62}},{"start":{"line":60,"column":65},"end":{"line":60,"column":105}}],"line":60}},"s":{"0":5,"1":5,"2":0,"3":0,"4":0,"5":0,"6":0,"7":0,"8":3,"9":3,"10":0,"11":3,"12":3,"13":0,"14":0,"15":0,"16":0,"17":0,"18":0,"19":0,"20":0,"21":0,"22":0,"23":0,"24":0,"25":0,"26":0,"27":0,"28":0,"29":0,"30":0,"31":5},"f":{"0":5,"1":0,"2":0,"3":0,"4":0,"5":0,"6":0,"7":3,"8":0,"9":0,"10":0,"11":0,"12":0,"13":0},"b":{"0":[0,3],"1":[3,0],"2":[3,3,3],"3":[0,0],"4":[0,0],"5":[0,0],"6":[0,0]},"_coverageSchema":"1a1c01bbd47fc00a2c39e90264f33305004495a9","hash":"6635c5f4950cc9279925139f07e910fa5731beb0"}
,"/Users/nic/HackReactor/FEC/project-atlier/client/src/features/products/productsSlice.js": {"path":"/Users/nic/HackReactor/FEC/project-atlier/client/src/features/products/productsSlice.js","statementMap":{"0":{"start":{"line":4,"column":21},"end":{"line":15,"column":1}},"1":{"start":{"line":20,"column":2},"end":{"line":20,"column":39}},"2":{"start":{"line":23,"column":2},"end":{"line":23,"column":39}},"3":{"start":{"line":26,"column":2},"end":{"line":26,"column":67}},"4":{"start":{"line":29,"column":2},"end":{"line":29,"column":64}},"5":{"start":{"line":32,"column":2},"end":{"line":32,"column":50}},"6":{"start":{"line":35,"column":22},"end":{"line":55,"column":2}},"7":{"start":{"line":39,"column":22},"end":{"line":39,"column":34}},"8":{"start":{"line":47,"column":4},"end":{"line":53,"column":9}},"9":{"start":{"line":49,"column":8},"end":{"line":49,"column":53}},"10":{"start":{"line":50,"column":8},"end":{"line":50,"column":47}},"11":{"start":{"line":51,"column":8},"end":{"line":51,"column":46}},"12":{"start":{"line":52,"column":8},"end":{"line":52,"column":60}},"13":{"start":{"line":64,"column":4},"end":{"line":64,"column":25}}},"fnMap":{"0":{"name":"changeStyle","decl":{"start":{"line":19,"column":9},"end":{"line":19,"column":20}},"loc":{"start":{"line":19,"column":51},"end":{"line":21,"column":1}},"line":19},"1":{"name":"changeImage","decl":{"start":{"line":22,"column":9},"end":{"line":22,"column":20}},"loc":{"start":{"line":22,"column":51},"end":{"line":24,"column":1}},"line":22},"2":{"name":"updateState","decl":{"start":{"line":25,"column":9},"end":{"line":25,"column":20}},"loc":{"start":{"line":25,"column":51},"end":{"line":27,"column":1}},"line":25},"3":{"name":"toggle","decl":{"start":{"line":28,"column":9},"end":{"line":28,"column":15}},"loc":{"start":{"line":28,"column":46},"end":{"line":30,"column":1}},"line":28},"4":{"name":"imageIndex","decl":{"start":{"line":31,"column":9},"end":{"line":31,"column":19}},"loc":{"start":{"line":31,"column":50},"end":{"line":33,"column":1}},"line":31},"5":{"name":"(anonymous_5)","decl":{"start":{"line":39,"column":11},"end":{"line":39,"column":12}},"loc":{"start":{"line":39,"column":22},"end":{"line":39,"column":34}},"line":39},"6":{"name":"(anonymous_6)","decl":{"start":{"line":46,"column":17},"end":{"line":46,"column":18}},"loc":{"start":{"line":46,"column":30},"end":{"line":54,"column":3}},"line":46},"7":{"name":"(anonymous_7)","decl":{"start":{"line":48,"column":63},"end":{"line":48,"column":64}},"loc":{"start":{"line":48,"column":82},"end":{"line":53,"column":7}},"line":48}},"branchMap":{"0":{"loc":{"start":{"line":19,"column":21},"end":{"line":19,"column":41}},"type":"default-arg","locations":[{"start":{"line":19,"column":29},"end":{"line":19,"column":41}}],"line":19},"1":{"loc":{"start":{"line":22,"column":21},"end":{"line":22,"column":41}},"type":"default-arg","locations":[{"start":{"line":22,"column":29},"end":{"line":22,"column":41}}],"line":22},"2":{"loc":{"start":{"line":25,"column":21},"end":{"line":25,"column":41}},"type":"default-arg","locations":[{"start":{"line":25,"column":29},"end":{"line":25,"column":41}}],"line":25},"3":{"loc":{"start":{"line":28,"column":16},"end":{"line":28,"column":36}},"type":"default-arg","locations":[{"start":{"line":28,"column":24},"end":{"line":28,"column":36}}],"line":28},"4":{"loc":{"start":{"line":31,"column":20},"end":{"line":31,"column":40}},"type":"default-arg","locations":[{"start":{"line":31,"column":28},"end":{"line":31,"column":40}}],"line":31}},"s":{"0":5,"1":2,"2":3,"3":0,"4":4,"5":1,"6":5,"7":0,"8":5,"9":3,"10":3,"11":3,"12":3,"13":5},"f":{"0":2,"1":3,"2":0,"3":4,"4":1,"5":0,"6":5,"7":3},"b":{"0":[0],"1":[0],"2":[0],"3":[0],"4":[0]},"_coverageSchema":"1a1c01bbd47fc00a2c39e90264f33305004495a9","hash":"2f257033fee107429d05b6be06f26ba9da326354"}
,"/Users/nic/HackReactor/FEC/project-atlier/client/src/features/questions/questionsSlice.js": {"path":"/Users/nic/HackReactor/FEC/project-atlier/client/src/features/questions/questionsSlice.js","statementMap":{},"fnMap":{},"branchMap":{},"s":{},"f":{},"b":{},"_coverageSchema":"1a1c01bbd47fc00a2c39e90264f33305004495a9","hash":"a57dcc2ad17762b318fa284191b14d71d9d2a246"}
,"/Users/nic/HackReactor/FEC/project-atlier/client/src/features/related/relatedSlice.js": {"path":"/Users/nic/HackReactor/FEC/project-atlier/client/src/features/related/relatedSlice.js","statementMap":{"0":{"start":{"line":5,"column":21},"end":{"line":15,"column":1}},"1":{"start":{"line":18,"column":2},"end":{"line":18,"column":38}},"2":{"start":{"line":21,"column":2},"end":{"line":21,"column":37}},"3":{"start":{"line":24,"column":17},"end":{"line":24,"column":34}},"4":{"start":{"line":24,"column":28},"end":{"line":24,"column":34}},"5":{"start":{"line":25,"column":2},"end":{"line":25,"column":44}},"6":{"start":{"line":28,"column":2},"end":{"line":28,"column":48}},"7":{"start":{"line":31,"column":2},"end":{"line":31,"column":44}},"8":{"start":{"line":34,"column":2},"end":{"line":34,"column":44}},"9":{"start":{"line":37,"column":2},"end":{"line":37,"column":88}},"10":{"start":{"line":37,"column":70},"end":{"line":37,"column":86}},"11":{"start":{"line":40,"column":2},"end":{"line":46,"column":3}},"12":{"start":{"line":41,"column":4},"end":{"line":41,"column":84}},"13":{"start":{"line":42,"column":4},"end":{"line":42,"column":45}},"14":{"start":{"line":43,"column":4},"end":{"line":43,"column":85}},"15":{"start":{"line":45,"column":4},"end":{"line":45,"column":78}},"16":{"start":{"line":49,"column":2},"end":{"line":49,"column":53}},"17":{"start":{"line":50,"column":16},"end":{"line":50,"column":56}},"18":{"start":{"line":51,"column":2},"end":{"line":53,"column":3}},"19":{"start":{"line":52,"column":4},"end":{"line":52,"column":38}},"20":{"start":{"line":54,"column":2},"end":{"line":54,"column":87}},"21":{"start":{"line":58,"column":23},"end":{"line":58,"column":25}},"22":{"start":{"line":59,"column":32},"end":{"line":59,"column":60}},"23":{"start":{"line":60,"column":32},"end":{"line":60,"column":46}},"24":{"start":{"line":61,"column":2},"end":{"line":64,"column":5}},"25":{"start":{"line":62,"column":24},"end":{"line":62,"column":84}},"26":{"start":{"line":63,"column":4},"end":{"line":63,"column":77}},"27":{"start":{"line":65,"column":2},"end":{"line":77,"column":5}},"28":{"start":{"line":66,"column":24},"end":{"line":66,"column":84}},"29":{"start":{"line":67,"column":28},"end":{"line":67,"column":33}},"30":{"start":{"line":68,"column":4},"end":{"line":73,"column":7}},"31":{"start":{"line":69,"column":6},"end":{"line":72,"column":7}},"32":{"start":{"line":70,"column":8},"end":{"line":70,"column":36}},"33":{"start":{"line":71,"column":8},"end":{"line":71,"column":33}},"34":{"start":{"line":74,"column":4},"end":{"line":76,"column":5}},"35":{"start":{"line":75,"column":6},"end":{"line":75,"column":79}},"36":{"start":{"line":78,"column":2},"end":{"line":78,"column":47}},"37":{"start":{"line":81,"column":21},"end":{"line":104,"column":2}},"38":{"start":{"line":85,"column":22},"end":{"line":85,"column":34}},"39":{"start":{"line":99,"column":4},"end":{"line":102,"column":9}},"40":{"start":{"line":101,"column":8},"end":{"line":101,"column":39}},"41":{"start":{"line":118,"column":4},"end":{"line":118,"column":24}}},"fnMap":{"0":{"name":"moveRelatedCarousel","decl":{"start":{"line":17,"column":9},"end":{"line":17,"column":28}},"loc":{"start":{"line":17,"column":59},"end":{"line":19,"column":1}},"line":17},"1":{"name":"moveOutfitCarousel","decl":{"start":{"line":20,"column":9},"end":{"line":20,"column":27}},"loc":{"start":{"line":20,"column":58},"end":{"line":22,"column":1}},"line":20},"2":{"name":"toggleModal","decl":{"start":{"line":23,"column":9},"end":{"line":23,"column":20}},"loc":{"start":{"line":23,"column":51},"end":{"line":26,"column":1}},"line":23},"3":{"name":"(anonymous_3)","decl":{"start":{"line":24,"column":17},"end":{"line":24,"column":18}},"loc":{"start":{"line":24,"column":28},"end":{"line":24,"column":34}},"line":24},"4":{"name":"setRelatedProductFeatures","decl":{"start":{"line":27,"column":9},"end":{"line":27,"column":34}},"loc":{"start":{"line":27,"column":65},"end":{"line":29,"column":1}},"line":27},"5":{"name":"setRelatedProductName","decl":{"start":{"line":30,"column":9},"end":{"line":30,"column":30}},"loc":{"start":{"line":30,"column":61},"end":{"line":32,"column":1}},"line":30},"6":{"name":"setCurrentProductName","decl":{"start":{"line":33,"column":9},"end":{"line":33,"column":30}},"loc":{"start":{"line":33,"column":61},"end":{"line":35,"column":1}},"line":33},"7":{"name":"setOutfitList","decl":{"start":{"line":36,"column":9},"end":{"line":36,"column":22}},"loc":{"start":{"line":36,"column":53},"end":{"line":38,"column":1}},"line":36},"8":{"name":"(anonymous_8)","decl":{"start":{"line":37,"column":60},"end":{"line":37,"column":61}},"loc":{"start":{"line":37,"column":70},"end":{"line":37,"column":86}},"line":37},"9":{"name":"addToOutfit","decl":{"start":{"line":39,"column":9},"end":{"line":39,"column":20}},"loc":{"start":{"line":39,"column":51},"end":{"line":47,"column":1}},"line":39},"10":{"name":"removeFromOutfit","decl":{"start":{"line":48,"column":9},"end":{"line":48,"column":25}},"loc":{"start":{"line":48,"column":56},"end":{"line":55,"column":1}},"line":48},"11":{"name":"generateCombinedProductFeatures","decl":{"start":{"line":57,"column":9},"end":{"line":57,"column":40}},"loc":{"start":{"line":57,"column":71},"end":{"line":79,"column":1}},"line":57},"12":{"name":"(anonymous_12)","decl":{"start":{"line":61,"column":32},"end":{"line":61,"column":33}},"loc":{"start":{"line":61,"column":42},"end":{"line":64,"column":3}},"line":61},"13":{"name":"(anonymous_13)","decl":{"start":{"line":65,"column":32},"end":{"line":65,"column":33}},"loc":{"start":{"line":65,"column":42},"end":{"line":77,"column":3}},"line":65},"14":{"name":"(anonymous_14)","decl":{"start":{"line":68,"column":25},"end":{"line":68,"column":26}},"loc":{"start":{"line":68,"column":43},"end":{"line":73,"column":5}},"line":68},"15":{"name":"(anonymous_15)","decl":{"start":{"line":85,"column":11},"end":{"line":85,"column":12}},"loc":{"start":{"line":85,"column":22},"end":{"line":85,"column":34}},"line":85},"16":{"name":"(anonymous_16)","decl":{"start":{"line":98,"column":17},"end":{"line":98,"column":18}},"loc":{"start":{"line":98,"column":30},"end":{"line":103,"column":3}},"line":98},"17":{"name":"(anonymous_17)","decl":{"start":{"line":100,"column":70},"end":{"line":100,"column":71}},"loc":{"start":{"line":100,"column":89},"end":{"line":102,"column":7}},"line":100}},"branchMap":{"0":{"loc":{"start":{"line":17,"column":29},"end":{"line":17,"column":49}},"type":"default-arg","locations":[{"start":{"line":17,"column":37},"end":{"line":17,"column":49}}],"line":17},"1":{"loc":{"start":{"line":20,"column":28},"end":{"line":20,"column":48}},"type":"default-arg","locations":[{"start":{"line":20,"column":36},"end":{"line":20,"column":48}}],"line":20},"2":{"loc":{"start":{"line":23,"column":21},"end":{"line":23,"column":41}},"type":"default-arg","locations":[{"start":{"line":23,"column":29},"end":{"line":23,"column":41}}],"line":23},"3":{"loc":{"start":{"line":27,"column":35},"end":{"line":27,"column":55}},"type":"default-arg","locations":[{"start":{"line":27,"column":43},"end":{"line":27,"column":55}}],"line":27},"4":{"loc":{"start":{"line":30,"column":31},"end":{"line":30,"column":51}},"type":"default-arg","locations":[{"start":{"line":30,"column":39},"end":{"line":30,"column":51}}],"line":30},"5":{"loc":{"start":{"line":33,"column":31},"end":{"line":33,"column":51}},"type":"default-arg","locations":[{"start":{"line":33,"column":39},"end":{"line":33,"column":51}}],"line":33},"6":{"loc":{"start":{"line":36,"column":23},"end":{"line":36,"column":43}},"type":"default-arg","locations":[{"start":{"line":36,"column":31},"end":{"line":36,"column":43}}],"line":36},"7":{"loc":{"start":{"line":39,"column":21},"end":{"line":39,"column":41}},"type":"default-arg","locations":[{"start":{"line":39,"column":29},"end":{"line":39,"column":41}}],"line":39},"8":{"loc":{"start":{"line":40,"column":2},"end":{"line":46,"column":3}},"type":"if","locations":[{"start":{"line":40,"column":2},"end":{"line":46,"column":3}},{"start":{"line":44,"column":9},"end":{"line":46,"column":3}}],"line":40},"9":{"loc":{"start":{"line":48,"column":26},"end":{"line":48,"column":46}},"type":"default-arg","locations":[{"start":{"line":48,"column":34},"end":{"line":48,"column":46}}],"line":48},"10":{"loc":{"start":{"line":51,"column":2},"end":{"line":53,"column":3}},"type":"if","locations":[{"start":{"line":51,"column":2},"end":{"line":53,"column":3}},{"start":{},"end":{}}],"line":51},"11":{"loc":{"start":{"line":57,"column":41},"end":{"line":57,"column":61}},"type":"default-arg","locations":[{"start":{"line":57,"column":49},"end":{"line":57,"column":61}}],"line":57},"12":{"loc":{"start":{"line":62,"column":24},"end":{"line":62,"column":84}},"type":"cond-expr","locations":[{"start":{"line":62,"column":37},"end":{"line":62,"column":69}},{"start":{"line":62,"column":72},"end":{"line":62,"column":84}}],"line":62},"13":{"loc":{"start":{"line":66,"column":24},"end":{"line":66,"column":84}},"type":"cond-expr","locations":[{"start":{"line":66,"column":37},"end":{"line":66,"column":69}},{"start":{"line":66,"column":72},"end":{"line":66,"column":84}}],"line":66},"14":{"loc":{"start":{"line":69,"column":6},"end":{"line":72,"column":7}},"type":"if","locations":[{"start":{"line":69,"column":6},"end":{"line":72,"column":7}},{"start":{},"end":{}}],"line":69},"15":{"loc":{"start":{"line":74,"column":4},"end":{"line":76,"column":5}},"type":"if","locations":[{"start":{"line":74,"column":4},"end":{"line":76,"column":5}},{"start":{},"end":{}}],"line":74}},"s":{"0":5,"1":0,"2":0,"3":0,"4":0,"5":0,"6":0,"7":0,"8":0,"9":0,"10":0,"11":0,"12":0,"13":0,"14":0,"15":0,"16":0,"17":0,"18":0,"19":0,"20":0,"21":0,"22":0,"23":0,"24":0,"25":0,"26":0,"27":0,"28":0,"29":0,"30":0,"31":0,"32":0,"33":0,"34":0,"35":0,"36":0,"37":5,"38":0,"39":5,"40":0,"41":5},"f":{"0":0,"1":0,"2":0,"3":0,"4":0,"5":0,"6":0,"7":0,"8":0,"9":0,"10":0,"11":0,"12":0,"13":0,"14":0,"15":0,"16":5,"17":0},"b":{"0":[0],"1":[0],"2":[0],"3":[0],"4":[0],"5":[0],"6":[0],"7":[0],"8":[0,0],"9":[0],"10":[0,0],"11":[0],"12":[0,0],"13":[0,0],"14":[0,0],"15":[0,0]},"_coverageSchema":"1a1c01bbd47fc00a2c39e90264f33305004495a9","hash":"34780d67858b324ee9f79fbccf6d771a2a05e8d1"}
,"/Users/nic/HackReactor/FEC/project-atlier/client/src/features/reviews/reviewsSlice.js": {"path":"/Users/nic/HackReactor/FEC/project-atlier/client/src/features/reviews/reviewsSlice.js","statementMap":{"0":{"start":{"line":6,"column":21},"end":{"line":23,"column":1}},"1":{"start":{"line":26,"column":2},"end":{"line":26,"column":67}},"2":{"start":{"line":29,"column":21},"end":{"line":61,"column":2}},"3":{"start":{"line":33,"column":22},"end":{"line":33,"column":34}},"4":{"start":{"line":36,"column":6},"end":{"line":40,"column":7}},"5":{"start":{"line":37,"column":8},"end":{"line":37,"column":51}},"6":{"start":{"line":39,"column":8},"end":{"line":39,"column":100}},"7":{"start":{"line":39,"column":73},"end":{"line":39,"column":98}},"8":{"start":{"line":43,"column":6},"end":{"line":43,"column":33}},"9":{"start":{"line":46,"column":6},"end":{"line":46,"column":33}},"10":{"start":{"line":53,"column":4},"end":{"line":59,"column":9}},"11":{"start":{"line":55,"column":8},"end":{"line":55,"column":39}},"12":{"start":{"line":58,"column":8},"end":{"line":58,"column":36}},"13":{"start":{"line":66,"column":4},"end":{"line":66,"column":24}}},"fnMap":{"0":{"name":"updateState","decl":{"start":{"line":25,"column":9},"end":{"line":25,"column":20}},"loc":{"start":{"line":25,"column":51},"end":{"line":27,"column":1}},"line":25},"1":{"name":"(anonymous_1)","decl":{"start":{"line":33,"column":11},"end":{"line":33,"column":12}},"loc":{"start":{"line":33,"column":22},"end":{"line":33,"column":34}},"line":33},"2":{"name":"(anonymous_2)","decl":{"start":{"line":35,"column":18},"end":{"line":35,"column":19}},"loc":{"start":{"line":35,"column":37},"end":{"line":41,"column":5}},"line":35},"3":{"name":"(anonymous_3)","decl":{"start":{"line":39,"column":61},"end":{"line":39,"column":62}},"loc":{"start":{"line":39,"column":73},"end":{"line":39,"column":98}},"line":39},"4":{"name":"(anonymous_4)","decl":{"start":{"line":42,"column":20},"end":{"line":42,"column":21}},"loc":{"start":{"line":42,"column":31},"end":{"line":44,"column":5}},"line":42},"5":{"name":"(anonymous_5)","decl":{"start":{"line":45,"column":24},"end":{"line":45,"column":25}},"loc":{"start":{"line":45,"column":35},"end":{"line":47,"column":5}},"line":45},"6":{"name":"(anonymous_6)","decl":{"start":{"line":52,"column":17},"end":{"line":52,"column":18}},"loc":{"start":{"line":52,"column":30},"end":{"line":60,"column":3}},"line":52},"7":{"name":"(anonymous_7)","decl":{"start":{"line":54,"column":66},"end":{"line":54,"column":67}},"loc":{"start":{"line":54,"column":85},"end":{"line":56,"column":7}},"line":54},"8":{"name":"(anonymous_8)","decl":{"start":{"line":57,"column":63},"end":{"line":57,"column":64}},"loc":{"start":{"line":57,"column":82},"end":{"line":59,"column":7}},"line":57}},"branchMap":{"0":{"loc":{"start":{"line":25,"column":21},"end":{"line":25,"column":41}},"type":"default-arg","locations":[{"start":{"line":25,"column":29},"end":{"line":25,"column":41}}],"line":25},"1":{"loc":{"start":{"line":36,"column":6},"end":{"line":40,"column":7}},"type":"if","locations":[{"start":{"line":36,"column":6},"end":{"line":40,"column":7}},{"start":{"line":38,"column":13},"end":{"line":40,"column":7}}],"line":36}},"s":{"0":5,"1":0,"2":5,"3":0,"4":0,"5":0,"6":0,"7":0,"8":0,"9":0,"10":5,"11":0,"12":0,"13":5},"f":{"0":0,"1":0,"2":0,"3":0,"4":0,"5":0,"6":5,"7":0,"8":0},"b":{"0":[0],"1":[0,0]},"_coverageSchema":"1a1c01bbd47fc00a2c39e90264f33305004495a9","hash":"8769b1e8932dda472240527aa77f8a86c5714fd4"}
,"/Users/nic/HackReactor/FEC/project-atlier/mocks/fileMock.js": {"path":"/Users/nic/HackReactor/FEC/project-atlier/mocks/fileMock.js","statementMap":{"0":{"start":{"line":1,"column":0},"end":{"line":1,"column":20}}},"fnMap":{},"branchMap":{},"s":{"0":4},"f":{},"b":{},"_coverageSchema":"1a1c01bbd47fc00a2c39e90264f33305004495a9","hash":"2ec93c809e43959447e93d1714aa7b67b7384c5a"}
}
