{"/Users/nic/HackReactor/FEC/project-atlier/client/src/components/ProductDetails/Description.jsx": {"path":"/Users/nic/HackReactor/FEC/project-atlier/client/src/components/ProductDetails/Description.jsx","statementMap":{"0":{"start":{"line":8,"column":2},"end":{"line":22,"column":4}},"1":{"start":{"line":16,"column":39},"end":{"line":16,"column":43}},"2":{"start":{"line":17,"column":12},"end":{"line":17,"column":84}}},"fnMap":{"0":{"name":"Description","decl":{"start":{"line":5,"column":9},"end":{"line":5,"column":20}},"loc":{"start":{"line":5,"column":34},"end":{"line":23,"column":1}},"line":5},"1":{"name":"(anonymous_1)","decl":{"start":{"line":15,"column":32},"end":{"line":15,"column":33}},"loc":{"start":{"line":15,"column":42},"end":{"line":18,"column":11}},"line":15}},"branchMap":{"0":{"loc":{"start":{"line":17,"column":19},"end":{"line":17,"column":83}},"type":"cond-expr","locations":[{"start":{"line":17,"column":27},"end":{"line":17,"column":76}},{"start":{"line":17,"column":79},"end":{"line":17,"column":83}}],"line":17}},"s":{"0":2,"1":4,"2":4},"f":{"0":2,"1":4},"b":{"0":[4,0]},"_coverageSchema":"1a1c01bbd47fc00a2c39e90264f33305004495a9","hash":"554e970fefccf7e6b58c44e2e067bf062a9ae65c"}
,"/Users/nic/HackReactor/FEC/project-atlier/client/src/components/ProductDetails/Details.jsx": {"path":"/Users/nic/HackReactor/FEC/project-atlier/client/src/components/ProductDetails/Details.jsx","statementMap":{"0":{"start":{"line":11,"column":60},"end":{"line":11,"column":98}},"1":{"start":{"line":11,"column":83},"end":{"line":11,"column":97}},"2":{"start":{"line":12,"column":19},"end":{"line":12,"column":56}},"3":{"start":{"line":12,"column":42},"end":{"line":12,"column":55}},"4":{"start":{"line":13,"column":19},"end":{"line":13,"column":32}},"5":{"start":{"line":14,"column":21},"end":{"line":14,"column":49}},"6":{"start":{"line":15,"column":41},"end":{"line":15,"column":63}},"7":{"start":{"line":17,"column":2},"end":{"line":19,"column":3}},"8":{"start":{"line":18,"column":4},"end":{"line":18,"column":18}},"9":{"start":{"line":21,"column":26},"end":{"line":32,"column":3}},"10":{"start":{"line":22,"column":4},"end":{"line":31,"column":5}},"11":{"start":{"line":23,"column":18},"end":{"line":23,"column":36}},"12":{"start":{"line":24,"column":6},"end":{"line":28,"column":7}},"13":{"start":{"line":25,"column":8},"end":{"line":25,"column":161}},"14":{"start":{"line":27,"column":8},"end":{"line":27,"column":45}},"15":{"start":{"line":30,"column":6},"end":{"line":30,"column":65}},"16":{"start":{"line":34,"column":25},"end":{"line":36,"column":3}},"17":{"start":{"line":35,"column":4},"end":{"line":35,"column":19}},"18":{"start":{"line":38,"column":21},"end":{"line":48,"column":3}},"19":{"start":{"line":39,"column":19},"end":{"line":39,"column":45}},"20":{"start":{"line":41,"column":4},"end":{"line":46,"column":5}},"21":{"start":{"line":42,"column":20},"end":{"line":42,"column":74}},"22":{"start":{"line":42,"column":50},"end":{"line":42,"column":70}},"23":{"start":{"line":43,"column":6},"end":{"line":45,"column":7}},"24":{"start":{"line":44,"column":8},"end":{"line":44,"column":20}},"25":{"start":{"line":47,"column":4},"end":{"line":47,"column":17}},"26":{"start":{"line":50,"column":2},"end":{"line":109,"column":4}},"27":{"start":{"line":75,"column":46},"end":{"line":75,"column":122}},"28":{"start":{"line":79,"column":14},"end":{"line":85,"column":23}},"29":{"start":{"line":89,"column":59},"end":{"line":89,"column":135}},"30":{"start":{"line":91,"column":57},"end":{"line":91,"column":62}},"31":{"start":{"line":92,"column":24},"end":{"line":92,"column":68}}},"fnMap":{"0":{"name":"Details","decl":{"start":{"line":10,"column":9},"end":{"line":10,"column":16}},"loc":{"start":{"line":10,"column":35},"end":{"line":110,"column":1}},"line":10},"1":{"name":"(anonymous_1)","decl":{"start":{"line":11,"column":72},"end":{"line":11,"column":73}},"loc":{"start":{"line":11,"column":83},"end":{"line":11,"column":97}},"line":11},"2":{"name":"(anonymous_2)","decl":{"start":{"line":12,"column":31},"end":{"line":12,"column":32}},"loc":{"start":{"line":12,"column":42},"end":{"line":12,"column":55}},"line":12},"3":{"name":"(anonymous_3)","decl":{"start":{"line":21,"column":26},"end":{"line":21,"column":27}},"loc":{"start":{"line":21,"column":38},"end":{"line":32,"column":3}},"line":21},"4":{"name":"(anonymous_4)","decl":{"start":{"line":34,"column":25},"end":{"line":34,"column":26}},"loc":{"start":{"line":34,"column":31},"end":{"line":36,"column":3}},"line":34},"5":{"name":"(anonymous_5)","decl":{"start":{"line":38,"column":21},"end":{"line":38,"column":22}},"loc":{"start":{"line":38,"column":38},"end":{"line":48,"column":3}},"line":38},"6":{"name":"(anonymous_6)","decl":{"start":{"line":42,"column":34},"end":{"line":42,"column":35}},"loc":{"start":{"line":42,"column":50},"end":{"line":42,"column":70}},"line":42},"7":{"name":"(anonymous_7)","decl":{"start":{"line":75,"column":37},"end":{"line":75,"column":38}},"loc":{"start":{"line":75,"column":44},"end":{"line":75,"column":124}},"line":75},"8":{"name":"(anonymous_8)","decl":{"start":{"line":78,"column":12},"end":{"line":78,"column":13}},"loc":{"start":{"line":79,"column":14},"end":{"line":85,"column":23}},"line":79},"9":{"name":"(anonymous_9)","decl":{"start":{"line":89,"column":50},"end":{"line":89,"column":51}},"loc":{"start":{"line":89,"column":57},"end":{"line":89,"column":137}},"line":89},"10":{"name":"(anonymous_10)","decl":{"start":{"line":91,"column":47},"end":{"line":91,"column":48}},"loc":{"start":{"line":91,"column":57},"end":{"line":91,"column":62}},"line":91},"11":{"name":"(anonymous_11)","decl":{"start":{"line":92,"column":14},"end":{"line":92,"column":15}},"loc":{"start":{"line":92,"column":24},"end":{"line":92,"column":68}},"line":92}},"branchMap":{"0":{"loc":{"start":{"line":14,"column":21},"end":{"line":14,"column":49}},"type":"binary-expr","locations":[{"start":{"line":14,"column":21},"end":{"line":14,"column":44}},{"start":{"line":14,"column":48},"end":{"line":14,"column":49}}],"line":14},"1":{"loc":{"start":{"line":17,"column":2},"end":{"line":19,"column":3}},"type":"if","locations":[{"start":{"line":17,"column":2},"end":{"line":19,"column":3}},{"start":{},"end":{}}],"line":17},"2":{"loc":{"start":{"line":22,"column":4},"end":{"line":31,"column":5}},"type":"if","locations":[{"start":{"line":22,"column":4},"end":{"line":31,"column":5}},{"start":{"line":29,"column":11},"end":{"line":31,"column":5}}],"line":22},"3":{"loc":{"start":{"line":22,"column":8},"end":{"line":22,"column":42}},"type":"binary-expr","locations":[{"start":{"line":22,"column":8},"end":{"line":22,"column":18}},{"start":{"line":22,"column":22},"end":{"line":22,"column":42}}],"line":22},"4":{"loc":{"start":{"line":24,"column":6},"end":{"line":28,"column":7}},"type":"if","locations":[{"start":{"line":24,"column":6},"end":{"line":28,"column":7}},{"start":{"line":26,"column":13},"end":{"line":28,"column":7}}],"line":24},"5":{"loc":{"start":{"line":41,"column":4},"end":{"line":46,"column":5}},"type":"if","locations":[{"start":{"line":41,"column":4},"end":{"line":46,"column":5}},{"start":{},"end":{}}],"line":41},"6":{"loc":{"start":{"line":43,"column":6},"end":{"line":45,"column":7}},"type":"if","locations":[{"start":{"line":43,"column":6},"end":{"line":45,"column":7}},{"start":{},"end":{}}],"line":43},"7":{"loc":{"start":{"line":63,"column":10},"end":{"line":63,"column":100}},"type":"cond-expr","locations":[{"start":{"line":63,"column":37},"end":{"line":63,"column":93}},{"start":{"line":63,"column":96},"end":{"line":63,"column":100}}],"line":63},"8":{"loc":{"start":{"line":64,"column":22},"end":{"line":64,"column":69}},"type":"cond-expr","locations":[{"start":{"line":64,"column":49},"end":{"line":64,"column":64}},{"start":{"line":64,"column":67},"end":{"line":64,"column":69}}],"line":64},"9":{"loc":{"start":{"line":76,"column":38},"end":{"line":76,"column":101}},"type":"cond-expr","locations":[{"start":{"line":76,"column":71},"end":{"line":76,"column":84}},{"start":{"line":76,"column":87},"end":{"line":76,"column":101}}],"line":76},"10":{"loc":{"start":{"line":90,"column":11},"end":{"line":94,"column":32}},"type":"cond-expr","locations":[{"start":{"line":91,"column":14},"end":{"line":93,"column":13}},{"start":{"line":94,"column":14},"end":{"line":94,"column":32}}],"line":90}},"s":{"0":3,"1":3,"2":3,"3":3,"4":3,"5":3,"6":3,"7":3,"8":0,"9":3,"10":0,"11":0,"12":0,"13":0,"14":0,"15":0,"16":3,"17":0,"18":3,"19":6,"20":6,"21":6,"22":12,"23":6,"24":2,"25":4,"26":3,"27":0,"28":6,"29":0,"30":8,"31":8},"f":{"0":3,"1":3,"2":3,"3":0,"4":0,"5":6,"6":12,"7":0,"8":6,"9":0,"10":8,"11":8},"b":{"0":[3,0],"1":[0,3],"2":[0,0],"3":[0,0],"4":[0,0],"5":[6,0],"6":[2,4],"7":[0,3],"8":[0,3],"9":[1,2],"10":[1,2]},"_coverageSchema":"1a1c01bbd47fc00a2c39e90264f33305004495a9","hash":"97e3da0399ff3028cb74bfcb514f514d7322bb27"}
,"/Users/nic/HackReactor/FEC/project-atlier/client/src/components/ProductDetails/ImageViewer.jsx": {"path":"/Users/nic/HackReactor/FEC/project-atlier/client/src/components/ProductDetails/ImageViewer.jsx","statementMap":{"0":{"start":{"line":14,"column":6},"end":{"line":14,"column":44}},"1":{"start":{"line":14,"column":29},"end":{"line":14,"column":43}},"2":{"start":{"line":15,"column":19},"end":{"line":15,"column":32}},"3":{"start":{"line":17,"column":27},"end":{"line":20,"column":3}},"4":{"start":{"line":18,"column":4},"end":{"line":18,"column":42}},"5":{"start":{"line":19,"column":4},"end":{"line":19,"column":33}},"6":{"start":{"line":22,"column":33},"end":{"line":34,"column":3}},"7":{"start":{"line":23,"column":4},"end":{"line":33,"column":5}},"8":{"start":{"line":24,"column":6},"end":{"line":26,"column":7}},"9":{"start":{"line":25,"column":8},"end":{"line":25,"column":71}},"10":{"start":{"line":27,"column":6},"end":{"line":27,"column":81}},"11":{"start":{"line":29,"column":6},"end":{"line":31,"column":7}},"12":{"start":{"line":30,"column":8},"end":{"line":30,"column":71}},"13":{"start":{"line":32,"column":6},"end":{"line":32,"column":81}},"14":{"start":{"line":36,"column":21},"end":{"line":45,"column":4}},"15":{"start":{"line":36,"column":27},"end":{"line":45,"column":4}},"16":{"start":{"line":37,"column":4},"end":{"line":43,"column":5}},"17":{"start":{"line":38,"column":6},"end":{"line":42,"column":8}},"18":{"start":{"line":39,"column":54},"end":{"line":39,"column":82}},"19":{"start":{"line":44,"column":4},"end":{"line":44,"column":16}},"20":{"start":{"line":47,"column":2},"end":{"line":66,"column":4}},"21":{"start":{"line":49,"column":77},"end":{"line":49,"column":111}},"22":{"start":{"line":54,"column":48},"end":{"line":54,"column":110}},"23":{"start":{"line":57,"column":42},"end":{"line":57,"column":104}},"24":{"start":{"line":61,"column":56},"end":{"line":61,"column":86}},"25":{"start":{"line":63,"column":87},"end":{"line":63,"column":118}}},"fnMap":{"0":{"name":"ImageViewer","decl":{"start":{"line":8,"column":9},"end":{"line":8,"column":20}},"loc":{"start":{"line":8,"column":23},"end":{"line":67,"column":1}},"line":8},"1":{"name":"(anonymous_1)","decl":{"start":{"line":14,"column":18},"end":{"line":14,"column":19}},"loc":{"start":{"line":14,"column":29},"end":{"line":14,"column":43}},"line":14},"2":{"name":"(anonymous_2)","decl":{"start":{"line":17,"column":27},"end":{"line":17,"column":28}},"loc":{"start":{"line":17,"column":43},"end":{"line":20,"column":3}},"line":17},"3":{"name":"(anonymous_3)","decl":{"start":{"line":22,"column":33},"end":{"line":22,"column":34}},"loc":{"start":{"line":22,"column":48},"end":{"line":34,"column":3}},"line":22},"4":{"name":"(anonymous_4)","decl":{"start":{"line":36,"column":21},"end":{"line":36,"column":22}},"loc":{"start":{"line":36,"column":27},"end":{"line":45,"column":4}},"line":36},"5":{"name":"(anonymous_5)","decl":{"start":{"line":36,"column":52},"end":{"line":36,"column":53}},"loc":{"start":{"line":36,"column":68},"end":{"line":45,"column":3}},"line":36},"6":{"name":"(anonymous_6)","decl":{"start":{"line":39,"column":48},"end":{"line":39,"column":49}},"loc":{"start":{"line":39,"column":54},"end":{"line":39,"column":82}},"line":39},"7":{"name":"(anonymous_7)","decl":{"start":{"line":49,"column":69},"end":{"line":49,"column":70}},"loc":{"start":{"line":49,"column":75},"end":{"line":49,"column":113}},"line":49},"8":{"name":"(anonymous_8)","decl":{"start":{"line":54,"column":42},"end":{"line":54,"column":43}},"loc":{"start":{"line":54,"column":48},"end":{"line":54,"column":110}},"line":54},"9":{"name":"(anonymous_9)","decl":{"start":{"line":57,"column":36},"end":{"line":57,"column":37}},"loc":{"start":{"line":57,"column":42},"end":{"line":57,"column":104}},"line":57},"10":{"name":"(anonymous_10)","decl":{"start":{"line":61,"column":50},"end":{"line":61,"column":51}},"loc":{"start":{"line":61,"column":56},"end":{"line":61,"column":86}},"line":61},"11":{"name":"(anonymous_11)","decl":{"start":{"line":63,"column":81},"end":{"line":63,"column":82}},"loc":{"start":{"line":63,"column":87},"end":{"line":63,"column":118}},"line":63}},"branchMap":{"0":{"loc":{"start":{"line":23,"column":4},"end":{"line":33,"column":5}},"type":"if","locations":[{"start":{"line":23,"column":4},"end":{"line":33,"column":5}},{"start":{"line":28,"column":11},"end":{"line":33,"column":5}}],"line":23},"1":{"loc":{"start":{"line":24,"column":6},"end":{"line":26,"column":7}},"type":"if","locations":[{"start":{"line":24,"column":6},"end":{"line":26,"column":7}},{"start":{},"end":{}}],"line":24},"2":{"loc":{"start":{"line":29,"column":6},"end":{"line":31,"column":7}},"type":"if","locations":[{"start":{"line":29,"column":6},"end":{"line":31,"column":7}},{"start":{},"end":{}}],"line":29},"3":{"loc":{"start":{"line":37,"column":4},"end":{"line":43,"column":5}},"type":"if","locations":[{"start":{"line":37,"column":4},"end":{"line":43,"column":5}},{"start":{},"end":{}}],"line":37},"4":{"loc":{"start":{"line":37,"column":8},"end":{"line":37,"column":54}},"type":"binary-expr","locations":[{"start":{"line":37,"column":8},"end":{"line":37,"column":29}},{"start":{"line":37,"column":33},"end":{"line":37,"column":54}}],"line":37},"5":{"loc":{"start":{"line":40,"column":26},"end":{"line":40,"column":112}},"type":"cond-expr","locations":[{"start":{"line":40,"column":79},"end":{"line":40,"column":98}},{"start":{"line":40,"column":101},"end":{"line":40,"column":112}}],"line":40},"6":{"loc":{"start":{"line":40,"column":119},"end":{"line":40,"column":173}},"type":"cond-expr","locations":[{"start":{"line":40,"column":141},"end":{"line":40,"column":160}},{"start":{"line":40,"column":163},"end":{"line":40,"column":173}}],"line":40},"7":{"loc":{"start":{"line":48,"column":20},"end":{"line":48,"column":52}},"type":"cond-expr","locations":[{"start":{"line":48,"column":31},"end":{"line":48,"column":41}},{"start":{"line":48,"column":44},"end":{"line":48,"column":52}}],"line":48},"8":{"loc":{"start":{"line":50,"column":9},"end":{"line":50,"column":49}},"type":"cond-expr","locations":[{"start":{"line":50,"column":20},"end":{"line":50,"column":34}},{"start":{"line":50,"column":37},"end":{"line":50,"column":49}}],"line":50},"9":{"loc":{"start":{"line":54,"column":9},"end":{"line":54,"column":121}},"type":"cond-expr","locations":[{"start":{"line":54,"column":20},"end":{"line":54,"column":114}},{"start":{"line":54,"column":117},"end":{"line":54,"column":121}}],"line":54},"10":{"loc":{"start":{"line":56,"column":9},"end":{"line":58,"column":16}},"type":"cond-expr","locations":[{"start":{"line":57,"column":12},"end":{"line":57,"column":108}},{"start":{"line":58,"column":12},"end":{"line":58,"column":16}}],"line":56},"11":{"loc":{"start":{"line":61,"column":9},"end":{"line":61,"column":97}},"type":"cond-expr","locations":[{"start":{"line":61,"column":26},"end":{"line":61,"column":90}},{"start":{"line":61,"column":93},"end":{"line":61,"column":97}}],"line":61},"12":{"loc":{"start":{"line":62,"column":10},"end":{"line":62,"column":223}},"type":"cond-expr","locations":[{"start":{"line":62,"column":50},"end":{"line":62,"column":216}},{"start":{"line":62,"column":219},"end":{"line":62,"column":223}}],"line":62},"13":{"loc":{"start":{"line":62,"column":66},"end":{"line":62,"column":106}},"type":"cond-expr","locations":[{"start":{"line":62,"column":77},"end":{"line":62,"column":92}},{"start":{"line":62,"column":95},"end":{"line":62,"column":106}}],"line":62},"14":{"loc":{"start":{"line":62,"column":113},"end":{"line":62,"column":163}},"type":"binary-expr","locations":[{"start":{"line":62,"column":113},"end":{"line":62,"column":149}},{"start":{"line":62,"column":153},"end":{"line":62,"column":163}}],"line":62},"15":{"loc":{"start":{"line":63,"column":9},"end":{"line":63,"column":129}},"type":"cond-expr","locations":[{"start":{"line":63,"column":56},"end":{"line":63,"column":122}},{"start":{"line":63,"column":125},"end":{"line":63,"column":129}}],"line":63}},"s":{"0":1,"1":1,"2":1,"3":1,"4":0,"5":0,"6":1,"7":0,"8":0,"9":0,"10":0,"11":0,"12":0,"13":0,"14":1,"15":1,"16":2,"17":2,"18":0,"19":0,"20":1,"21":0,"22":0,"23":0,"24":0,"25":0},"f":{"0":1,"1":1,"2":0,"3":0,"4":1,"5":2,"6":0,"7":0,"8":0,"9":0,"10":0,"11":0},"b":{"0":[0,0],"1":[0,0],"2":[0,0],"3":[2,0],"4":[2,2],"5":[1,1],"6":[2,0],"7":[0,1],"8":[0,1],"9":[0,1],"10":[0,1],"11":[0,1],"12":[1,0],"13":[0,1],"14":[1,0],"15":[1,0]},"_coverageSchema":"1a1c01bbd47fc00a2c39e90264f33305004495a9","hash":"cffa7f2e640208263c871a3226828510b50a2c4e"}
,"/Users/nic/HackReactor/FEC/project-atlier/client/src/components/ProductDetails/ProductDetails.jsx": {"path":"/Users/nic/HackReactor/FEC/project-atlier/client/src/components/ProductDetails/ProductDetails.jsx","statementMap":{"0":{"start":{"line":11,"column":17},"end":{"line":11,"column":28}},"1":{"start":{"line":12,"column":21},"end":{"line":12,"column":59}},"2":{"start":{"line":12,"column":44},"end":{"line":12,"column":58}},"3":{"start":{"line":17,"column":6},"end":{"line":19,"column":4}},"4":{"start":{"line":21,"column":2},"end":{"line":23,"column":20}},"5":{"start":{"line":25,"column":2},"end":{"line":27,"column":3}},"6":{"start":{"line":26,"column":4},"end":{"line":26,"column":33}},"7":{"start":{"line":29,"column":2},"end":{"line":49,"column":4}}},"fnMap":{"0":{"name":"ProductDetails","decl":{"start":{"line":10,"column":9},"end":{"line":10,"column":23}},"loc":{"start":{"line":10,"column":42},"end":{"line":50,"column":1}},"line":10},"1":{"name":"(anonymous_1)","decl":{"start":{"line":12,"column":33},"end":{"line":12,"column":34}},"loc":{"start":{"line":12,"column":44},"end":{"line":12,"column":58}},"line":12},"2":{"name":"(anonymous_2)","decl":{"start":{"line":21,"column":12},"end":{"line":21,"column":13}},"loc":{"start":{"line":21,"column":18},"end":{"line":23,"column":3}},"line":21}},"branchMap":{"0":{"loc":{"start":{"line":25,"column":2},"end":{"line":27,"column":3}},"type":"if","locations":[{"start":{"line":25,"column":2},"end":{"line":27,"column":3}},{"start":{},"end":{}}],"line":25},"1":{"loc":{"start":{"line":25,"column":6},"end":{"line":25,"column":32}},"type":"binary-expr","locations":[{"start":{"line":25,"column":6},"end":{"line":25,"column":16}},{"start":{"line":25,"column":20},"end":{"line":25,"column":32}}],"line":25},"2":{"loc":{"start":{"line":31,"column":7},"end":{"line":46,"column":7}},"type":"cond-expr","locations":[{"start":{"line":32,"column":8},"end":{"line":36,"column":14}},{"start":{"line":38,"column":8},"end":{"line":45,"column":14}}],"line":31}},"s":{"0":3,"1":3,"2":7,"3":3,"4":3,"5":3,"6":2,"7":1},"f":{"0":3,"1":7,"2":2},"b":{"0":[2,1],"1":[3,1],"2":[0,1]},"_coverageSchema":"1a1c01bbd47fc00a2c39e90264f33305004495a9","hash":"e7449753afdf720343fdb6a925e19bfe73e69f2d"}
,"/Users/nic/HackReactor/FEC/project-atlier/client/src/components/ProductDetails/StyleImage.jsx": {"path":"/Users/nic/HackReactor/FEC/project-atlier/client/src/components/ProductDetails/StyleImage.jsx","statementMap":{"0":{"start":{"line":8,"column":46},"end":{"line":8,"column":84}},"1":{"start":{"line":8,"column":69},"end":{"line":8,"column":83}},"2":{"start":{"line":9,"column":19},"end":{"line":9,"column":32}},"3":{"start":{"line":10,"column":18},"end":{"line":10,"column":59}},"4":{"start":{"line":12,"column":22},"end":{"line":24,"column":3}},"5":{"start":{"line":13,"column":16},"end":{"line":13,"column":35}},"6":{"start":{"line":14,"column":4},"end":{"line":14,"column":38}},"7":{"start":{"line":15,"column":4},"end":{"line":20,"column":5}},"8":{"start":{"line":16,"column":6},"end":{"line":16,"column":63}},"9":{"start":{"line":18,"column":6},"end":{"line":18,"column":60}},"10":{"start":{"line":19,"column":6},"end":{"line":19,"column":74}},"11":{"start":{"line":21,"column":4},"end":{"line":23,"column":5}},"12":{"start":{"line":22,"column":6},"end":{"line":22,"column":80}},"13":{"start":{"line":26,"column":2},"end":{"line":33,"column":4}}},"fnMap":{"0":{"name":"StyleImage","decl":{"start":{"line":7,"column":9},"end":{"line":7,"column":19}},"loc":{"start":{"line":7,"column":38},"end":{"line":34,"column":1}},"line":7},"1":{"name":"(anonymous_1)","decl":{"start":{"line":8,"column":58},"end":{"line":8,"column":59}},"loc":{"start":{"line":8,"column":69},"end":{"line":8,"column":83}},"line":8},"2":{"name":"(anonymous_2)","decl":{"start":{"line":12,"column":22},"end":{"line":12,"column":23}},"loc":{"start":{"line":12,"column":28},"end":{"line":24,"column":3}},"line":12}},"branchMap":{"0":{"loc":{"start":{"line":15,"column":4},"end":{"line":20,"column":5}},"type":"if","locations":[{"start":{"line":15,"column":4},"end":{"line":20,"column":5}},{"start":{"line":17,"column":11},"end":{"line":20,"column":5}}],"line":15},"1":{"loc":{"start":{"line":21,"column":4},"end":{"line":23,"column":5}},"type":"if","locations":[{"start":{"line":21,"column":4},"end":{"line":23,"column":5}},{"start":{},"end":{}}],"line":21},"2":{"loc":{"start":{"line":29,"column":24},"end":{"line":29,"column":60}},"type":"cond-expr","locations":[{"start":{"line":29,"column":34},"end":{"line":29,"column":44}},{"start":{"line":29,"column":47},"end":{"line":29,"column":60}}],"line":29},"3":{"loc":{"start":{"line":29,"column":67},"end":{"line":29,"column":86}},"type":"binary-expr","locations":[{"start":{"line":29,"column":67},"end":{"line":29,"column":72}},{"start":{"line":29,"column":76},"end":{"line":29,"column":86}}],"line":29},"4":{"loc":{"start":{"line":30,"column":28},"end":{"line":30,"column":61}},"type":"cond-expr","locations":[{"start":{"line":30,"column":38},"end":{"line":30,"column":47}},{"start":{"line":30,"column":50},"end":{"line":30,"column":61}}],"line":30}},"s":{"0":4,"1":4,"2":4,"3":4,"4":4,"5":0,"6":0,"7":0,"8":0,"9":0,"10":0,"11":0,"12":0,"13":4},"f":{"0":4,"1":4,"2":0},"b":{"0":[0,0],"1":[0,0],"2":[3,1],"3":[4,0],"4":[3,1]},"_coverageSchema":"1a1c01bbd47fc00a2c39e90264f33305004495a9","hash":"f84a3361f23adbfd4e4a1074051af74f3e603618"}
,"/Users/nic/HackReactor/FEC/project-atlier/client/src/components/ProductDetails/StyleList.jsx": {"path":"/Users/nic/HackReactor/FEC/project-atlier/client/src/components/ProductDetails/StyleList.jsx","statementMap":{"0":{"start":{"line":7,"column":19},"end":{"line":7,"column":57}},"1":{"start":{"line":7,"column":42},"end":{"line":7,"column":56}},"2":{"start":{"line":9,"column":2},"end":{"line":19,"column":4}},"3":{"start":{"line":12,"column":8},"end":{"line":16,"column":10}}},"fnMap":{"0":{"name":"StyleList","decl":{"start":{"line":6,"column":9},"end":{"line":6,"column":18}},"loc":{"start":{"line":6,"column":21},"end":{"line":20,"column":1}},"line":6},"1":{"name":"(anonymous_1)","decl":{"start":{"line":7,"column":31},"end":{"line":7,"column":32}},"loc":{"start":{"line":7,"column":42},"end":{"line":7,"column":56}},"line":7},"2":{"name":"(anonymous_2)","decl":{"start":{"line":11,"column":18},"end":{"line":11,"column":19}},"loc":{"start":{"line":12,"column":8},"end":{"line":16,"column":10}},"line":12}},"branchMap":{},"s":{"0":3,"1":3,"2":3,"3":4},"f":{"0":3,"1":3,"2":4},"b":{},"_coverageSchema":"1a1c01bbd47fc00a2c39e90264f33305004495a9","hash":"86a4442b6fe5d4d411cba5bd38838265e53552e1"}
,"/Users/nic/HackReactor/FEC/project-atlier/client/src/components/ProductDetails/__tests__/proxies/getProductProxy.js": {"path":"/Users/nic/HackReactor/FEC/project-atlier/client/src/components/ProductDetails/__tests__/proxies/getProductProxy.js","statementMap":{"0":{"start":{"line":1,"column":24},"end":{"line":21,"column":1}}},"fnMap":{},"branchMap":{},"s":{"0":1},"f":{},"b":{},"_coverageSchema":"1a1c01bbd47fc00a2c39e90264f33305004495a9","hash":"89da0f29fef4d9fd316aeef9d7c697757f0a6144"}
,"/Users/nic/HackReactor/FEC/project-atlier/client/src/components/ProductDetails/__tests__/proxies/getProductStylesProxy.js": {"path":"/Users/nic/HackReactor/FEC/project-atlier/client/src/components/ProductDetails/__tests__/proxies/getProductStylesProxy.js","statementMap":{"0":{"start":{"line":1,"column":19},"end":{"line":61,"column":1}}},"fnMap":{},"branchMap":{},"s":{"0":1},"f":{},"b":{},"_coverageSchema":"1a1c01bbd47fc00a2c39e90264f33305004495a9","hash":"70c36c5e88286eb0a1dae7cd30124242c934f0c4"}
,"/Users/nic/HackReactor/FEC/project-atlier/client/src/components/ProductDetails/__tests__/proxies/stateProxy.js": {"path":"/Users/nic/HackReactor/FEC/project-atlier/client/src/components/ProductDetails/__tests__/proxies/stateProxy.js","statementMap":{"0":{"start":{"line":1,"column":18},"end":{"line":86,"column":1}}},"fnMap":{},"branchMap":{},"s":{"0":2},"f":{},"b":{},"_coverageSchema":"1a1c01bbd47fc00a2c39e90264f33305004495a9","hash":"682c4113175d9fb1401f86a92846c462a273003a"}
,"/Users/nic/HackReactor/FEC/project-atlier/client/src/components/ProductDetails/__tests__/utils/test-utils.jsx": {"path":"/Users/nic/HackReactor/FEC/project-atlier/client/src/components/ProductDetails/__tests__/utils/test-utils.jsx","statementMap":{"0":{"start":{"line":27,"column":44},"end":{"line":27,"column":89}},"1":{"start":{"line":35,"column":4},"end":{"line":35,"column":57}},"2":{"start":{"line":39,"column":2},"end":{"line":39,"column":74}}},"fnMap":{"0":{"name":"renderWithProviders","decl":{"start":{"line":13,"column":16},"end":{"line":13,"column":35}},"loc":{"start":{"line":32,"column":2},"end":{"line":40,"column":1}},"line":32},"1":{"name":"(anonymous_1)","decl":{"start":{"line":27,"column":18},"end":{"line":27,"column":19}},"loc":{"start":{"line":27,"column":44},"end":{"line":27,"column":89}},"line":27},"2":{"name":"Wrapper","decl":{"start":{"line":34,"column":11},"end":{"line":34,"column":18}},"loc":{"start":{"line":34,"column":33},"end":{"line":36,"column":3}},"line":34}},"branchMap":{"0":{"loc":{"start":{"line":15,"column":2},"end":{"line":31,"column":8}},"type":"default-arg","locations":[{"start":{"line":31,"column":6},"end":{"line":31,"column":8}}],"line":15},"1":{"loc":{"start":{"line":16,"column":4},"end":{"line":16,"column":23}},"type":"default-arg","locations":[{"start":{"line":16,"column":21},"end":{"line":16,"column":23}}],"line":16},"2":{"loc":{"start":{"line":18,"column":4},"end":{"line":29,"column":6}},"type":"default-arg","locations":[{"start":{"line":18,"column":12},"end":{"line":29,"column":6}}],"line":18}},"s":{"0":3,"1":3,"2":3},"f":{"0":3,"1":3,"2":3},"b":{"0":[0],"1":[0],"2":[3]},"_coverageSchema":"1a1c01bbd47fc00a2c39e90264f33305004495a9","hash":"57fe3c91cde02e431818682a091f5812f7db1b6d"}
,"/Users/nic/HackReactor/FEC/project-atlier/client/src/components/ReviewsRatings/QuarterIncStarRating.jsx": {"path":"/Users/nic/HackReactor/FEC/project-atlier/client/src/components/ReviewsRatings/QuarterIncStarRating.jsx","statementMap":{"0":{"start":{"line":8,"column":20},"end":{"line":8,"column":33}},"1":{"start":{"line":9,"column":42},"end":{"line":9,"column":73}},"2":{"start":{"line":10,"column":36},"end":{"line":10,"column":108}},"3":{"start":{"line":11,"column":36},"end":{"line":11,"column":72}},"4":{"start":{"line":13,"column":2},"end":{"line":42,"column":4}},"5":{"start":{"line":17,"column":8},"end":{"line":19,"column":15}},"6":{"start":{"line":36,"column":8},"end":{"line":38,"column":15}}},"fnMap":{"0":{"name":"QuarterIncStarRating","decl":{"start":{"line":6,"column":9},"end":{"line":6,"column":29}},"loc":{"start":{"line":6,"column":47},"end":{"line":43,"column":1}},"line":6},"1":{"name":"(anonymous_1)","decl":{"start":{"line":16,"column":36},"end":{"line":16,"column":37}},"loc":{"start":{"line":17,"column":8},"end":{"line":19,"column":15}},"line":17},"2":{"name":"(anonymous_2)","decl":{"start":{"line":35,"column":33},"end":{"line":35,"column":34}},"loc":{"start":{"line":36,"column":8},"end":{"line":38,"column":15}},"line":36}},"branchMap":{"0":{"loc":{"start":{"line":21,"column":8},"end":{"line":34,"column":7}},"type":"binary-expr","locations":[{"start":{"line":21,"column":8},"end":{"line":21,"column":40}},{"start":{"line":22,"column":8},"end":{"line":33,"column":15}}],"line":21}},"s":{"0":3,"1":3,"2":3,"3":3,"4":3,"5":9,"6":3},"f":{"0":3,"1":9,"2":3},"b":{"0":[3,3]},"_coverageSchema":"1a1c01bbd47fc00a2c39e90264f33305004495a9","hash":"ae0d084c92f6baca8843eedda3ca68c72adfb13d"}
,"/Users/nic/HackReactor/FEC/project-atlier/client/src/components/ReviewsRatings/QuarterStarsAverageRating.jsx": {"path":"/Users/nic/HackReactor/FEC/project-atlier/client/src/components/ReviewsRatings/QuarterStarsAverageRating.jsx","statementMap":{"0":{"start":{"line":5,"column":12},"end":{"line":5,"column":13}},"1":{"start":{"line":6,"column":21},"end":{"line":6,"column":22}},"2":{"start":{"line":8,"column":2},"end":{"line":11,"column":3}},"3":{"start":{"line":9,"column":4},"end":{"line":9,"column":53}},"4":{"start":{"line":10,"column":4},"end":{"line":10,"column":47}},"5":{"start":{"line":13,"column":24},"end":{"line":13,"column":42}},"6":{"start":{"line":15,"column":2},"end":{"line":19,"column":4}}},"fnMap":{"0":{"name":"QuarterStarsAverageRating","decl":{"start":{"line":4,"column":9},"end":{"line":4,"column":34}},"loc":{"start":{"line":4,"column":54},"end":{"line":20,"column":1}},"line":4}},"branchMap":{},"s":{"0":3,"1":3,"2":3,"3":15,"4":15,"5":3,"6":3},"f":{"0":3},"b":{},"_coverageSchema":"1a1c01bbd47fc00a2c39e90264f33305004495a9","hash":"001ab7349c9674320d0d60dfaae9be91b9cf1238"}
,"/Users/nic/HackReactor/FEC/project-atlier/client/src/components/ReviewsRatings/SortReviews.jsx": {"path":"/Users/nic/HackReactor/FEC/project-atlier/client/src/components/ReviewsRatings/SortReviews.jsx","statementMap":{"0":{"start":{"line":4,"column":46},"end":{"line":4,"column":58}},"1":{"start":{"line":5,"column":29},"end":{"line":8,"column":4}},"2":{"start":{"line":6,"column":5},"end":{"line":6,"column":43}},"3":{"start":{"line":7,"column":5},"end":{"line":7,"column":41}},"4":{"start":{"line":12,"column":2},"end":{"line":23,"column":4}},"5":{"start":{"line":16,"column":8},"end":{"line":16,"column":30}}},"fnMap":{"0":{"name":"Dropdown","decl":{"start":{"line":3,"column":9},"end":{"line":3,"column":17}},"loc":{"start":{"line":3,"column":37},"end":{"line":24,"column":1}},"line":3},"1":{"name":"(anonymous_1)","decl":{"start":{"line":5,"column":29},"end":{"line":5,"column":30}},"loc":{"start":{"line":5,"column":40},"end":{"line":8,"column":4}},"line":5},"2":{"name":"(anonymous_2)","decl":{"start":{"line":15,"column":65},"end":{"line":15,"column":66}},"loc":{"start":{"line":15,"column":72},"end":{"line":17,"column":9}},"line":15}},"branchMap":{},"s":{"0":1,"1":1,"2":0,"3":0,"4":1,"5":0},"f":{"0":1,"1":0,"2":0},"b":{},"_coverageSchema":"1a1c01bbd47fc00a2c39e90264f33305004495a9","hash":"67869cc26f046eb88e680c50cd174ea07db4840e"}
,"/Users/nic/HackReactor/FEC/project-atlier/client/src/features/api/apiSlice.js": {"path":"/Users/nic/HackReactor/FEC/project-atlier/client/src/features/api/apiSlice.js","statementMap":{"0":{"start":{"line":4,"column":19},"end":{"line":79,"column":2}},"1":{"start":{"line":10,"column":25},"end":{"line":71,"column":3}},"2":{"start":{"line":15,"column":19},"end":{"line":15,"column":45}},"3":{"start":{"line":19,"column":28},"end":{"line":19,"column":52}},"4":{"start":{"line":23,"column":28},"end":{"line":23,"column":59}},"5":{"start":{"line":27,"column":22},"end":{"line":27,"column":94}},"6":{"start":{"line":31,"column":28},"end":{"line":31,"column":67}},"7":{"start":{"line":35,"column":28},"end":{"line":35,"column":60}},"8":{"start":{"line":39,"column":24},"end":{"line":39,"column":67}},"9":{"start":{"line":40,"column":8},"end":{"line":40,"column":59}},"10":{"start":{"line":40,"column":27},"end":{"line":40,"column":59}},"11":{"start":{"line":41,"column":23},"end":{"line":41,"column":73}},"12":{"start":{"line":42,"column":8},"end":{"line":43,"column":95}},"13":{"start":{"line":48,"column":24},"end":{"line":48,"column":75}},"14":{"start":{"line":49,"column":8},"end":{"line":49,"column":59}},"15":{"start":{"line":49,"column":27},"end":{"line":49,"column":59}},"16":{"start":{"line":50,"column":25},"end":{"line":60,"column":11}},"17":{"start":{"line":51,"column":30},"end":{"line":51,"column":32}},"18":{"start":{"line":52,"column":10},"end":{"line":52,"column":40}},"19":{"start":{"line":53,"column":30},"end":{"line":53,"column":68}},"20":{"start":{"line":54,"column":10},"end":{"line":54,"column":115}},"21":{"start":{"line":55,"column":33},"end":{"line":55,"column":86}},"22":{"start":{"line":56,"column":10},"end":{"line":56,"column":124}},"23":{"start":{"line":57,"column":28},"end":{"line":57,"column":73}},"24":{"start":{"line":58,"column":10},"end":{"line":58,"column":106}},"25":{"start":{"line":59,"column":10},"end":{"line":59,"column":29}},"26":{"start":{"line":61,"column":8},"end":{"line":61,"column":34}},"27":{"start":{"line":65,"column":23},"end":{"line":69,"column":7}},"28":{"start":{"line":92,"column":4},"end":{"line":92,"column":7}}},"fnMap":{"0":{"name":"(anonymous_0)","decl":{"start":{"line":10,"column":13},"end":{"line":10,"column":14}},"loc":{"start":{"line":10,"column":25},"end":{"line":71,"column":3}},"line":10},"1":{"name":"(anonymous_1)","decl":{"start":{"line":15,"column":13},"end":{"line":15,"column":14}},"loc":{"start":{"line":15,"column":19},"end":{"line":15,"column":45}},"line":15},"2":{"name":"(anonymous_2)","decl":{"start":{"line":19,"column":13},"end":{"line":19,"column":14}},"loc":{"start":{"line":19,"column":28},"end":{"line":19,"column":52}},"line":19},"3":{"name":"(anonymous_3)","decl":{"start":{"line":23,"column":13},"end":{"line":23,"column":14}},"loc":{"start":{"line":23,"column":28},"end":{"line":23,"column":59}},"line":23},"4":{"name":"(anonymous_4)","decl":{"start":{"line":27,"column":13},"end":{"line":27,"column":14}},"loc":{"start":{"line":27,"column":22},"end":{"line":27,"column":94}},"line":27},"5":{"name":"(anonymous_5)","decl":{"start":{"line":31,"column":13},"end":{"line":31,"column":14}},"loc":{"start":{"line":31,"column":28},"end":{"line":31,"column":67}},"line":31},"6":{"name":"(anonymous_6)","decl":{"start":{"line":35,"column":13},"end":{"line":35,"column":14}},"loc":{"start":{"line":35,"column":28},"end":{"line":35,"column":60}},"line":35},"7":{"name":"(anonymous_7)","decl":{"start":{"line":38,"column":6},"end":{"line":38,"column":7}},"loc":{"start":{"line":38,"column":70},"end":{"line":44,"column":7}},"line":38},"8":{"name":"(anonymous_8)","decl":{"start":{"line":47,"column":6},"end":{"line":47,"column":7}},"loc":{"start":{"line":47,"column":70},"end":{"line":62,"column":7}},"line":47},"9":{"name":"(anonymous_9)","decl":{"start":{"line":50,"column":60},"end":{"line":50,"column":61}},"loc":{"start":{"line":50,"column":76},"end":{"line":60,"column":9}},"line":50},"10":{"name":"(anonymous_10)","decl":{"start":{"line":65,"column":13},"end":{"line":65,"column":14}},"loc":{"start":{"line":65,"column":23},"end":{"line":69,"column":7}},"line":65}},"branchMap":{"0":{"loc":{"start":{"line":40,"column":8},"end":{"line":40,"column":59}},"type":"if","locations":[{"start":{"line":40,"column":8},"end":{"line":40,"column":59}},{"start":{},"end":{}}],"line":40},"1":{"loc":{"start":{"line":42,"column":15},"end":{"line":43,"column":94}},"type":"cond-expr","locations":[{"start":{"line":43,"column":12},"end":{"line":43,"column":68}},{"start":{"line":43,"column":71},"end":{"line":43,"column":94}}],"line":42},"2":{"loc":{"start":{"line":49,"column":8},"end":{"line":49,"column":59}},"type":"if","locations":[{"start":{"line":49,"column":8},"end":{"line":49,"column":59}},{"start":{},"end":{}}],"line":49},"3":{"loc":{"start":{"line":54,"column":10},"end":{"line":54,"column":114}},"type":"cond-expr","locations":[{"start":{"line":54,"column":29},"end":{"line":54,"column":67}},{"start":{"line":54,"column":70},"end":{"line":54,"column":114}}],"line":54},"4":{"loc":{"start":{"line":56,"column":10},"end":{"line":56,"column":123}},"type":"cond-expr","locations":[{"start":{"line":56,"column":32},"end":{"line":56,"column":73}},{"start":{"line":56,"column":76},"end":{"line":56,"column":123}}],"line":56},"5":{"loc":{"start":{"line":58,"column":10},"end":{"line":58,"column":105}},"type":"cond-expr","locations":[{"start":{"line":58,"column":27},"end":{"line":58,"column":62}},{"start":{"line":58,"column":65},"end":{"line":58,"column":105}}],"line":58}},"s":{"0":2,"1":2,"2":0,"3":0,"4":0,"5":0,"6":0,"7":0,"8":1,"9":1,"10":0,"11":1,"12":1,"13":0,"14":0,"15":0,"16":0,"17":0,"18":0,"19":0,"20":0,"21":0,"22":0,"23":0,"24":0,"25":0,"26":0,"27":0,"28":2},"f":{"0":2,"1":0,"2":0,"3":0,"4":0,"5":0,"6":0,"7":1,"8":0,"9":0,"10":0},"b":{"0":[0,1],"1":[1,0],"2":[0,0],"3":[0,0],"4":[0,0],"5":[0,0]},"_coverageSchema":"1a1c01bbd47fc00a2c39e90264f33305004495a9","hash":"002ecb3e46b60f7ab4e3752d2fd5cfd7562b0e7d"}
,"/Users/nic/HackReactor/FEC/project-atlier/client/src/features/products/productsSlice.js": {"path":"/Users/nic/HackReactor/FEC/project-atlier/client/src/features/products/productsSlice.js","statementMap":{"0":{"start":{"line":4,"column":21},"end":{"line":14,"column":1}},"1":{"start":{"line":19,"column":2},"end":{"line":19,"column":39}},"2":{"start":{"line":22,"column":2},"end":{"line":22,"column":39}},"3":{"start":{"line":25,"column":2},"end":{"line":25,"column":67}},"4":{"start":{"line":28,"column":2},"end":{"line":28,"column":64}},"5":{"start":{"line":31,"column":2},"end":{"line":31,"column":50}},"6":{"start":{"line":34,"column":22},"end":{"line":54,"column":2}},"7":{"start":{"line":38,"column":22},"end":{"line":38,"column":34}},"8":{"start":{"line":46,"column":4},"end":{"line":52,"column":9}},"9":{"start":{"line":48,"column":8},"end":{"line":48,"column":53}},"10":{"start":{"line":49,"column":8},"end":{"line":49,"column":47}},"11":{"start":{"line":50,"column":8},"end":{"line":50,"column":46}},"12":{"start":{"line":51,"column":8},"end":{"line":51,"column":60}},"13":{"start":{"line":63,"column":4},"end":{"line":63,"column":25}}},"fnMap":{"0":{"name":"changeStyle","decl":{"start":{"line":18,"column":9},"end":{"line":18,"column":20}},"loc":{"start":{"line":18,"column":51},"end":{"line":20,"column":1}},"line":18},"1":{"name":"changeImage","decl":{"start":{"line":21,"column":9},"end":{"line":21,"column":20}},"loc":{"start":{"line":21,"column":51},"end":{"line":23,"column":1}},"line":21},"2":{"name":"updateState","decl":{"start":{"line":24,"column":9},"end":{"line":24,"column":20}},"loc":{"start":{"line":24,"column":51},"end":{"line":26,"column":1}},"line":24},"3":{"name":"toggle","decl":{"start":{"line":27,"column":9},"end":{"line":27,"column":15}},"loc":{"start":{"line":27,"column":46},"end":{"line":29,"column":1}},"line":27},"4":{"name":"imageIndex","decl":{"start":{"line":30,"column":9},"end":{"line":30,"column":19}},"loc":{"start":{"line":30,"column":50},"end":{"line":32,"column":1}},"line":30},"5":{"name":"(anonymous_5)","decl":{"start":{"line":38,"column":11},"end":{"line":38,"column":12}},"loc":{"start":{"line":38,"column":22},"end":{"line":38,"column":34}},"line":38},"6":{"name":"(anonymous_6)","decl":{"start":{"line":45,"column":17},"end":{"line":45,"column":18}},"loc":{"start":{"line":45,"column":30},"end":{"line":53,"column":3}},"line":45},"7":{"name":"(anonymous_7)","decl":{"start":{"line":47,"column":63},"end":{"line":47,"column":64}},"loc":{"start":{"line":47,"column":82},"end":{"line":52,"column":7}},"line":47}},"branchMap":{"0":{"loc":{"start":{"line":18,"column":21},"end":{"line":18,"column":41}},"type":"default-arg","locations":[{"start":{"line":18,"column":29},"end":{"line":18,"column":41}}],"line":18},"1":{"loc":{"start":{"line":21,"column":21},"end":{"line":21,"column":41}},"type":"default-arg","locations":[{"start":{"line":21,"column":29},"end":{"line":21,"column":41}}],"line":21},"2":{"loc":{"start":{"line":24,"column":21},"end":{"line":24,"column":41}},"type":"default-arg","locations":[{"start":{"line":24,"column":29},"end":{"line":24,"column":41}}],"line":24},"3":{"loc":{"start":{"line":27,"column":16},"end":{"line":27,"column":36}},"type":"default-arg","locations":[{"start":{"line":27,"column":24},"end":{"line":27,"column":36}}],"line":27},"4":{"loc":{"start":{"line":30,"column":20},"end":{"line":30,"column":40}},"type":"default-arg","locations":[{"start":{"line":30,"column":28},"end":{"line":30,"column":40}}],"line":30}},"s":{"0":2,"1":0,"2":0,"3":0,"4":0,"5":0,"6":2,"7":0,"8":2,"9":1,"10":1,"11":1,"12":1,"13":2},"f":{"0":0,"1":0,"2":0,"3":0,"4":0,"5":0,"6":2,"7":1},"b":{"0":[0],"1":[0],"2":[0],"3":[0],"4":[0]},"_coverageSchema":"1a1c01bbd47fc00a2c39e90264f33305004495a9","hash":"2cab1d719213d99488fcee33d0fbde7af5f32419"}
,"/Users/nic/HackReactor/FEC/project-atlier/client/src/features/questions/questionsSlice.js": {"path":"/Users/nic/HackReactor/FEC/project-atlier/client/src/features/questions/questionsSlice.js","statementMap":{},"fnMap":{},"branchMap":{},"s":{},"f":{},"b":{},"_coverageSchema":"1a1c01bbd47fc00a2c39e90264f33305004495a9","hash":"a57dcc2ad17762b318fa284191b14d71d9d2a246"}
,"/Users/nic/HackReactor/FEC/project-atlier/client/src/features/related/relatedSlice.js": {"path":"/Users/nic/HackReactor/FEC/project-atlier/client/src/features/related/relatedSlice.js","statementMap":{"0":{"start":{"line":4,"column":21},"end":{"line":12,"column":1}},"1":{"start":{"line":15,"column":2},"end":{"line":15,"column":52}},"2":{"start":{"line":18,"column":2},"end":{"line":18,"column":51}},"3":{"start":{"line":21,"column":17},"end":{"line":21,"column":34}},"4":{"start":{"line":21,"column":28},"end":{"line":21,"column":34}},"5":{"start":{"line":22,"column":2},"end":{"line":22,"column":44}},"6":{"start":{"line":25,"column":2},"end":{"line":25,"column":62}},"7":{"start":{"line":28,"column":2},"end":{"line":28,"column":63}},"8":{"start":{"line":31,"column":21},"end":{"line":48,"column":2}},"9":{"start":{"line":35,"column":22},"end":{"line":35,"column":34}},"10":{"start":{"line":43,"column":4},"end":{"line":46,"column":9}},"11":{"start":{"line":45,"column":8},"end":{"line":45,"column":39}},"12":{"start":{"line":57,"column":4},"end":{"line":57,"column":24}}},"fnMap":{"0":{"name":"moveRelatedCarousel","decl":{"start":{"line":14,"column":9},"end":{"line":14,"column":28}},"loc":{"start":{"line":14,"column":59},"end":{"line":16,"column":1}},"line":14},"1":{"name":"moveOutfitCarousel","decl":{"start":{"line":17,"column":9},"end":{"line":17,"column":27}},"loc":{"start":{"line":17,"column":58},"end":{"line":19,"column":1}},"line":17},"2":{"name":"toggleModal","decl":{"start":{"line":20,"column":9},"end":{"line":20,"column":20}},"loc":{"start":{"line":20,"column":51},"end":{"line":23,"column":1}},"line":20},"3":{"name":"(anonymous_3)","decl":{"start":{"line":21,"column":17},"end":{"line":21,"column":18}},"loc":{"start":{"line":21,"column":28},"end":{"line":21,"column":34}},"line":21},"4":{"name":"setRelatedProductFeatures","decl":{"start":{"line":24,"column":9},"end":{"line":24,"column":34}},"loc":{"start":{"line":24,"column":65},"end":{"line":26,"column":1}},"line":24},"5":{"name":"setCombinedProductFeatures","decl":{"start":{"line":27,"column":9},"end":{"line":27,"column":35}},"loc":{"start":{"line":27,"column":66},"end":{"line":29,"column":1}},"line":27},"6":{"name":"(anonymous_6)","decl":{"start":{"line":35,"column":11},"end":{"line":35,"column":12}},"loc":{"start":{"line":35,"column":22},"end":{"line":35,"column":34}},"line":35},"7":{"name":"(anonymous_7)","decl":{"start":{"line":42,"column":17},"end":{"line":42,"column":18}},"loc":{"start":{"line":42,"column":30},"end":{"line":47,"column":3}},"line":42},"8":{"name":"(anonymous_8)","decl":{"start":{"line":44,"column":70},"end":{"line":44,"column":71}},"loc":{"start":{"line":44,"column":89},"end":{"line":46,"column":7}},"line":44}},"branchMap":{"0":{"loc":{"start":{"line":14,"column":29},"end":{"line":14,"column":49}},"type":"default-arg","locations":[{"start":{"line":14,"column":37},"end":{"line":14,"column":49}}],"line":14},"1":{"loc":{"start":{"line":17,"column":28},"end":{"line":17,"column":48}},"type":"default-arg","locations":[{"start":{"line":17,"column":36},"end":{"line":17,"column":48}}],"line":17},"2":{"loc":{"start":{"line":20,"column":21},"end":{"line":20,"column":41}},"type":"default-arg","locations":[{"start":{"line":20,"column":29},"end":{"line":20,"column":41}}],"line":20},"3":{"loc":{"start":{"line":24,"column":35},"end":{"line":24,"column":55}},"type":"default-arg","locations":[{"start":{"line":24,"column":43},"end":{"line":24,"column":55}}],"line":24},"4":{"loc":{"start":{"line":27,"column":36},"end":{"line":27,"column":56}},"type":"default-arg","locations":[{"start":{"line":27,"column":44},"end":{"line":27,"column":56}}],"line":27}},"s":{"0":2,"1":0,"2":0,"3":0,"4":0,"5":0,"6":0,"7":0,"8":2,"9":0,"10":2,"11":0,"12":2},"f":{"0":0,"1":0,"2":0,"3":0,"4":0,"5":0,"6":0,"7":2,"8":0},"b":{"0":[0],"1":[0],"2":[0],"3":[0],"4":[0]},"_coverageSchema":"1a1c01bbd47fc00a2c39e90264f33305004495a9","hash":"68465c80a16a2f06d0afadcd28e57674d81b9a3a"}
,"/Users/nic/HackReactor/FEC/project-atlier/client/src/features/reviews/reviewsSlice.js": {"path":"/Users/nic/HackReactor/FEC/project-atlier/client/src/features/reviews/reviewsSlice.js","statementMap":{"0":{"start":{"line":4,"column":21},"end":{"line":9,"column":1}},"1":{"start":{"line":12,"column":2},"end":{"line":12,"column":55}},"2":{"start":{"line":16,"column":2},"end":{"line":16,"column":67}},"3":{"start":{"line":19,"column":21},"end":{"line":51,"column":2}},"4":{"start":{"line":23,"column":22},"end":{"line":23,"column":34}},"5":{"start":{"line":26,"column":6},"end":{"line":30,"column":7}},"6":{"start":{"line":27,"column":8},"end":{"line":27,"column":51}},"7":{"start":{"line":29,"column":8},"end":{"line":29,"column":100}},"8":{"start":{"line":29,"column":73},"end":{"line":29,"column":98}},"9":{"start":{"line":33,"column":6},"end":{"line":33,"column":33}},"10":{"start":{"line":36,"column":6},"end":{"line":36,"column":33}},"11":{"start":{"line":43,"column":4},"end":{"line":49,"column":9}},"12":{"start":{"line":45,"column":8},"end":{"line":45,"column":39}},"13":{"start":{"line":48,"column":8},"end":{"line":48,"column":36}},"14":{"start":{"line":54,"column":88},"end":{"line":54,"column":108}}},"fnMap":{"0":{"name":"setRating","decl":{"start":{"line":11,"column":9},"end":{"line":11,"column":18}},"loc":{"start":{"line":11,"column":49},"end":{"line":13,"column":1}},"line":11},"1":{"name":"updateState","decl":{"start":{"line":15,"column":9},"end":{"line":15,"column":20}},"loc":{"start":{"line":15,"column":51},"end":{"line":17,"column":1}},"line":15},"2":{"name":"(anonymous_2)","decl":{"start":{"line":23,"column":11},"end":{"line":23,"column":12}},"loc":{"start":{"line":23,"column":22},"end":{"line":23,"column":34}},"line":23},"3":{"name":"(anonymous_3)","decl":{"start":{"line":25,"column":18},"end":{"line":25,"column":19}},"loc":{"start":{"line":25,"column":37},"end":{"line":31,"column":5}},"line":25},"4":{"name":"(anonymous_4)","decl":{"start":{"line":29,"column":61},"end":{"line":29,"column":62}},"loc":{"start":{"line":29,"column":73},"end":{"line":29,"column":98}},"line":29},"5":{"name":"(anonymous_5)","decl":{"start":{"line":32,"column":20},"end":{"line":32,"column":21}},"loc":{"start":{"line":32,"column":39},"end":{"line":34,"column":5}},"line":32},"6":{"name":"(anonymous_6)","decl":{"start":{"line":35,"column":24},"end":{"line":35,"column":25}},"loc":{"start":{"line":35,"column":35},"end":{"line":37,"column":5}},"line":35},"7":{"name":"(anonymous_7)","decl":{"start":{"line":42,"column":17},"end":{"line":42,"column":18}},"loc":{"start":{"line":42,"column":30},"end":{"line":50,"column":3}},"line":42},"8":{"name":"(anonymous_8)","decl":{"start":{"line":44,"column":66},"end":{"line":44,"column":67}},"loc":{"start":{"line":44,"column":85},"end":{"line":46,"column":7}},"line":44},"9":{"name":"(anonymous_9)","decl":{"start":{"line":47,"column":63},"end":{"line":47,"column":64}},"loc":{"start":{"line":47,"column":82},"end":{"line":49,"column":7}},"line":47}},"branchMap":{"0":{"loc":{"start":{"line":11,"column":19},"end":{"line":11,"column":39}},"type":"default-arg","locations":[{"start":{"line":11,"column":27},"end":{"line":11,"column":39}}],"line":11},"1":{"loc":{"start":{"line":15,"column":21},"end":{"line":15,"column":41}},"type":"default-arg","locations":[{"start":{"line":15,"column":29},"end":{"line":15,"column":41}}],"line":15},"2":{"loc":{"start":{"line":26,"column":6},"end":{"line":30,"column":7}},"type":"if","locations":[{"start":{"line":26,"column":6},"end":{"line":30,"column":7}},{"start":{"line":28,"column":13},"end":{"line":30,"column":7}}],"line":26}},"s":{"0":2,"1":0,"2":0,"3":2,"4":0,"5":0,"6":0,"7":0,"8":0,"9":0,"10":0,"11":2,"12":0,"13":0,"14":2},"f":{"0":0,"1":0,"2":0,"3":0,"4":0,"5":0,"6":0,"7":2,"8":0,"9":0},"b":{"0":[0],"1":[0],"2":[0,0]},"_coverageSchema":"1a1c01bbd47fc00a2c39e90264f33305004495a9","hash":"badb08e0b6344b505ce8ffdc654817204f06c2c9"}
,"/Users/nic/HackReactor/FEC/project-atlier/mocks/fileMock.js": {"path":"/Users/nic/HackReactor/FEC/project-atlier/mocks/fileMock.js","statementMap":{"0":{"start":{"line":1,"column":0},"end":{"line":1,"column":20}}},"fnMap":{},"branchMap":{},"s":{"0":2},"f":{},"b":{},"_coverageSchema":"1a1c01bbd47fc00a2c39e90264f33305004495a9","hash":"2ec93c809e43959447e93d1714aa7b67b7384c5a"}
}
