TN:
SF:client/src/__tests__/proxies/relatedItemsProxy.js
FNF:0
FNH:0
DA:1,1
DA:707,1
LF:2
LH:2
BRF:0
BRH:0
end_of_record
TN:
SF:client/src/__tests__/proxies/stateProxy.js
FNF:0
FNH:0
DA:1,2
LF:1
LH:1
BRF:0
BRH:0
end_of_record
TN:
SF:client/src/__tests__/utils/test-utils.jsx
FN:13,renderWithProviders
FN:27,(anonymous_1)
FN:34,Wrapper
FNF:3
FNH:3
FNDA:5,renderWithProviders
FNDA:5,(anonymous_1)
FNDA:6,Wrapper
DA:27,5
DA:35,6
DA:39,5
LF:3
LH:3
BRDA:15,0,0,0
BRDA:16,1,0,0
BRDA:18,2,0,5
BRF:3
BRH:1
end_of_record
TN:
SF:client/src/components/ProductDetails/Description.jsx
FN:5,Description
FN:16,(anonymous_1)
FNF:2
FNH:2
FNDA:1,Description
FNDA:2,(anonymous_1)
DA:8,1
DA:17,2
DA:18,2
LF:3
LH:3
BRDA:18,0,0,2
BRDA:18,0,1,0
BRF:2
BRH:1
end_of_record
TN:
SF:client/src/components/QuestionsAnswers/subComponents/Search.jsx
FN:3,Search
FNF:1
FNH:1
FNDA:1,Search
DA:4,1
LF:1
LH:1
BRF:0
BRH:0
end_of_record
TN:
SF:client/src/components/RelatedItems/Carousel.jsx
FN:11,Carousel
FN:17,(anonymous_1)
FN:20,nextSlide
FN:28,prevSlide
FN:37,(anonymous_4)
FN:44,(anonymous_5)
FN:49,(anonymous_6)
FN:52,(anonymous_7)
FN:57,(anonymous_8)
FNF:9
FNH:2
FNDA:5,Carousel
FNDA:4,(anonymous_1)
FNDA:0,nextSlide
FNDA:0,prevSlide
FNDA:0,(anonymous_4)
FNDA:0,(anonymous_5)
FNDA:0,(anonymous_6)
FNDA:0,(anonymous_7)
FNDA:0,(anonymous_8)
DA:17,5
DA:18,4
DA:21,0
DA:22,0
DA:23,0
DA:25,0
DA:29,0
DA:30,0
DA:31,0
DA:33,0
DA:37,4
DA:38,0
DA:41,4
DA:44,0
DA:49,0
DA:52,0
DA:57,0
LF:17
LH:4
BRDA:21,0,0,0
BRDA:21,0,1,0
BRDA:22,1,0,0
BRDA:22,1,1,0
BRDA:25,2,0,0
BRDA:25,2,1,0
BRDA:29,3,0,0
BRDA:29,3,1,0
BRDA:30,4,0,0
BRDA:30,4,1,0
BRDA:33,5,0,0
BRDA:33,5,1,0
BRDA:38,6,0,0
BRDA:38,6,1,0
BRDA:44,7,0,4
BRDA:44,7,1,4
BRDA:48,8,0,4
BRDA:48,8,1,0
BRDA:48,8,2,0
BRDA:52,9,0,0
BRDA:52,9,1,0
BRDA:56,10,0,0
BRDA:56,10,1,0
BRDA:56,10,2,0
BRF:24
BRH:3
end_of_record
TN:
SF:client/src/components/RelatedItems/ComparisonModal.jsx
FN:6,ComparisonModal
FN:12,(anonymous_1)
FN:15,renderComparison
FN:25,closeModal
FN:33,(anonymous_4)
FN:42,(anonymous_5)
FNF:6
FNH:4
FNDA:3,ComparisonModal
FNDA:9,(anonymous_1)
FNDA:6,renderComparison
FNDA:0,closeModal
FNDA:0,(anonymous_4)
FNDA:6,(anonymous_5)
DA:12,9
DA:13,3
DA:16,6
DA:26,0
DA:27,0
DA:30,3
DA:33,0
DA:42,6
LF:8
LH:5
BRDA:18,0,0,6
BRDA:18,0,1,2
BRDA:20,1,0,6
BRDA:20,1,1,4
BRDA:30,2,0,3
BRDA:30,2,1,1
BRF:6
BRH:6
end_of_record
TN:
SF:client/src/components/RelatedItems/FormatCard.jsx
FN:15,FormatCard
FN:18,(anonymous_1)
FN:21,removeFromOutfit
FN:27,handleModalClick
FN:37,navigateToRelatedItem
FN:43,(anonymous_5)
FN:46,(anonymous_6)
FN:50,(anonymous_7)
FNF:8
FNH:4
FNDA:2,FormatCard
FNDA:8,(anonymous_1)
FNDA:0,removeFromOutfit
FNDA:1,handleModalClick
FNDA:0,navigateToRelatedItem
FNDA:0,(anonymous_5)
FNDA:1,(anonymous_6)
FNDA:0,(anonymous_7)
DA:16,2
DA:17,2
DA:18,8
DA:22,0
DA:23,0
DA:28,1
DA:29,1
DA:30,1
DA:31,1
DA:32,1
DA:33,1
DA:38,0
DA:39,0
DA:42,2
DA:43,0
DA:46,1
DA:50,0
LF:17
LH:11
BRDA:48,0,0,2
BRDA:48,0,1,0
BRDA:56,1,0,0
BRDA:56,1,1,2
BRF:4
BRH:2
end_of_record
TN:
SF:client/src/components/RelatedItems/ItemsList.jsx
FN:9,ItemsList
FN:19,findImage
FN:39,renderList
FN:69,(anonymous_3)
FNF:4
FNH:0
FNDA:0,ItemsList
FNDA:0,findImage
FNDA:0,renderList
FNDA:0,(anonymous_3)
DA:10,0
DA:14,0
DA:20,0
DA:21,0
DA:22,0
DA:23,0
DA:24,0
DA:25,0
DA:40,0
DA:60,0
DA:61,0
DA:64,0
DA:69,0
LF:13
LH:0
BRDA:24,0,0,0
BRDA:24,0,1,0
BRDA:42,1,0,0
BRDA:42,1,1,0
BRDA:44,2,0,0
BRDA:44,2,1,0
BRDA:60,3,0,0
BRDA:60,3,1,0
BRDA:64,4,0,0
BRDA:64,4,1,0
BRF:10
BRH:0
end_of_record
TN:
SF:client/src/components/RelatedItems/OutfitList.jsx
FN:8,OutfitList
FN:12,(anonymous_1)
FN:17,(anonymous_2)
FN:18,(anonymous_3)
FN:19,(anonymous_4)
FN:28,findImage
FN:37,renderList
FN:64,(anonymous_7)
FN:68,(anonymous_8)
FNF:9
FNH:0
FNDA:0,OutfitList
FNDA:0,(anonymous_1)
FNDA:0,(anonymous_2)
FNDA:0,(anonymous_3)
FNDA:0,(anonymous_4)
FNDA:0,findImage
FNDA:0,renderList
FNDA:0,(anonymous_7)
FNDA:0,(anonymous_8)
DA:9,0
DA:12,0
DA:13,0
DA:17,0
DA:18,0
DA:19,0
DA:20,0
DA:29,0
DA:30,0
DA:31,0
DA:32,0
DA:38,0
DA:59,0
DA:64,0
DA:68,0
LF:15
LH:0
BRDA:31,0,0,0
BRDA:31,0,1,0
BRDA:40,1,0,0
BRDA:40,1,1,0
BRDA:42,2,0,0
BRDA:42,2,1,0
BRDA:59,3,0,0
BRDA:59,3,1,0
BRF:8
BRH:0
end_of_record
TN:
SF:client/src/components/RelatedItems/RelatedItems.jsx
FN:5,RelatedItems
FNF:1
FNH:0
FNDA:0,RelatedItems
DA:6,0
LF:1
LH:0
BRF:0
BRH:0
end_of_record
TN:
SF:client/src/components/ReviewsRatings/QuarterIncStarRating.jsx
FN:6,QuarterIncStarRating
FN:17,(anonymous_1)
FN:36,(anonymous_2)
FNF:3
FNH:0
FNDA:0,QuarterIncStarRating
FNDA:0,(anonymous_1)
FNDA:0,(anonymous_2)
DA:7,0
DA:8,0
DA:10,0
DA:11,0
DA:12,0
DA:13,0
DA:14,0
DA:18,0
DA:37,0
LF:9
LH:0
BRDA:7,0,0,0
BRDA:7,0,1,0
BRDA:22,1,0,0
BRDA:22,1,1,0
BRF:4
BRH:0
end_of_record
TN:
SF:client/src/components/ReviewsRatings/QuarterStarsAverageRating.jsx
FN:8,QuarterStarsAverageRating
FNF:1
FNH:0
FNDA:0,QuarterStarsAverageRating
DA:9,0
DA:10,0
DA:11,0
DA:12,0
DA:14,0
DA:15,0
DA:16,0
DA:19,0
DA:20,0
DA:21,0
LF:10
LH:0
BRDA:11,0,0,0
BRDA:11,0,1,0
BRDA:11,1,0,0
BRDA:11,1,1,0
BRF:4
BRH:0
end_of_record
TN:
SF:client/src/components/ReviewsRatings/SortReviews.jsx
FN:4,Dropdown
FN:5,(anonymous_1)
FN:15,(anonymous_2)
FNF:3
FNH:1
FNDA:1,Dropdown
FNDA:0,(anonymous_1)
FNDA:0,(anonymous_2)
DA:5,1
DA:6,0
DA:9,1
DA:16,0
LF:4
LH:2
BRF:0
BRH:0
end_of_record
TN:
SF:client/src/features/api/apiSlice.js
FN:10,(anonymous_0)
FN:15,(anonymous_1)
FN:19,(anonymous_2)
FN:23,(anonymous_3)
FN:27,(anonymous_4)
FN:31,(anonymous_5)
FN:35,(anonymous_6)
FN:38,(anonymous_7)
FN:47,(anonymous_8)
FN:52,(anonymous_9)
FN:75,(anonymous_10)
FN:82,(anonymous_11)
FN:89,(anonymous_12)
FN:96,(anonymous_13)
FNF:14
FNH:1
FNDA:2,(anonymous_0)
FNDA:0,(anonymous_1)
FNDA:0,(anonymous_2)
FNDA:0,(anonymous_3)
FNDA:0,(anonymous_4)
FNDA:0,(anonymous_5)
FNDA:0,(anonymous_6)
FNDA:0,(anonymous_7)
FNDA:0,(anonymous_8)
FNDA:0,(anonymous_9)
FNDA:0,(anonymous_10)
FNDA:0,(anonymous_11)
FNDA:0,(anonymous_12)
FNDA:0,(anonymous_13)
DA:4,2
DA:10,2
DA:15,0
DA:19,0
DA:23,0
DA:27,0
DA:31,0
DA:35,0
DA:39,0
DA:40,0
DA:41,0
DA:42,0
DA:49,0
DA:50,0
DA:52,0
DA:53,0
DA:54,0
DA:56,0
DA:57,0
DA:58,0
DA:60,0
DA:63,0
DA:66,0
DA:69,0
DA:71,0
DA:75,0
DA:82,0
DA:89,0
DA:96,0
DA:127,2
LF:30
LH:3
BRDA:40,0,0,0
BRDA:40,0,1,0
BRDA:42,1,0,0
BRDA:42,1,1,0
BRDA:42,2,0,0
BRDA:42,2,1,0
BRDA:42,2,2,0
BRDA:50,3,0,0
BRDA:50,3,1,0
BRDA:60,4,0,0
BRDA:60,4,1,0
BRDA:63,5,0,0
BRDA:63,5,1,0
BRDA:66,6,0,0
BRDA:66,6,1,0
BRF:15
BRH:0
end_of_record
TN:
SF:client/src/features/products/productsSlice.js
FN:19,changeStyle
FN:22,changeImage
FN:25,updateState
FN:28,toggle
FN:31,imageIndex
FN:39,(anonymous_5)
FN:46,(anonymous_6)
FN:48,(anonymous_7)
FNF:8
FNH:1
FNDA:0,changeStyle
FNDA:0,changeImage
FNDA:0,updateState
FNDA:0,toggle
FNDA:0,imageIndex
FNDA:0,(anonymous_5)
FNDA:2,(anonymous_6)
FNDA:0,(anonymous_7)
DA:4,2
DA:20,0
DA:23,0
DA:26,0
DA:29,0
DA:32,0
DA:35,2
DA:39,0
DA:47,2
DA:49,0
DA:50,0
DA:51,0
DA:52,0
DA:64,2
LF:14
LH:4
BRDA:19,0,0,0
BRDA:22,1,0,0
BRDA:25,2,0,0
BRDA:28,3,0,0
BRDA:31,4,0,0
BRF:5
BRH:0
end_of_record
TN:
SF:client/src/features/questions/questionsSlice.js
FNF:0
FNH:0
LF:0
LH:0
BRF:0
BRH:0
end_of_record
TN:
SF:client/src/features/related/relatedSlice.js
FN:17,moveRelatedCarousel
FN:20,moveOutfitCarousel
FN:23,toggleModal
FN:24,(anonymous_3)
FN:27,setRelatedProductFeatures
FN:30,setRelatedProductName
FN:33,setCurrentProductName
FN:36,setOutfitList
FN:37,(anonymous_8)
FN:39,addToOutfit
FN:48,removeFromOutfit
FN:57,generateCombinedProductFeatures
FN:61,(anonymous_12)
FN:65,(anonymous_13)
FN:68,(anonymous_14)
FN:85,(anonymous_15)
FN:98,(anonymous_16)
FN:100,(anonymous_17)
FNF:18
FNH:10
FNDA:0,moveRelatedCarousel
FNDA:0,moveOutfitCarousel
FNDA:1,toggleModal
FNDA:1,(anonymous_3)
FNDA:1,setRelatedProductFeatures
FNDA:1,setRelatedProductName
FNDA:1,setCurrentProductName
FNDA:0,setOutfitList
FNDA:0,(anonymous_8)
FNDA:0,addToOutfit
FNDA:0,removeFromOutfit
FNDA:1,generateCombinedProductFeatures
FNDA:4,(anonymous_12)
FNDA:2,(anonymous_13)
FNDA:9,(anonymous_14)
FNDA:0,(anonymous_15)
FNDA:2,(anonymous_16)
FNDA:0,(anonymous_17)
DA:5,2
DA:18,0
DA:21,0
DA:24,1
DA:25,1
DA:28,1
DA:31,1
DA:34,1
DA:37,0
DA:40,0
DA:41,0
DA:42,0
DA:43,0
DA:45,0
DA:49,0
DA:50,0
DA:51,0
DA:52,0
DA:54,0
DA:58,1
DA:59,1
DA:60,1
DA:61,1
DA:62,4
DA:63,4
DA:65,1
DA:66,2
DA:67,2
DA:68,2
DA:69,9
DA:70,0
DA:71,0
DA:74,2
DA:75,2
DA:78,1
DA:81,2
DA:85,0
DA:99,2
DA:101,0
DA:118,2
LF:40
LH:23
BRDA:17,0,0,0
BRDA:20,1,0,0
BRDA:23,2,0,0
BRDA:27,3,0,0
BRDA:30,4,0,0
BRDA:33,5,0,0
BRDA:36,6,0,0
BRDA:39,7,0,0
BRDA:40,8,0,0
BRDA:40,8,1,0
BRDA:48,9,0,0
BRDA:51,10,0,0
BRDA:51,10,1,0
BRDA:57,11,0,0
BRDA:62,12,0,4
BRDA:62,12,1,0
BRDA:66,13,0,2
BRDA:66,13,1,0
BRDA:69,14,0,0
BRDA:69,14,1,9
BRDA:74,15,0,2
BRDA:74,15,1,0
BRF:22
BRH:4
end_of_record
TN:
SF:client/src/features/reviews/reviewsSlice.js
FN:25,updateState
FN:33,(anonymous_1)
FN:35,(anonymous_2)
FN:39,(anonymous_3)
FN:42,(anonymous_4)
FN:45,(anonymous_5)
FN:52,(anonymous_6)
FN:54,(anonymous_7)
FN:57,(anonymous_8)
FNF:9
FNH:1
FNDA:0,updateState
FNDA:0,(anonymous_1)
FNDA:0,(anonymous_2)
FNDA:0,(anonymous_3)
FNDA:0,(anonymous_4)
FNDA:0,(anonymous_5)
FNDA:2,(anonymous_6)
FNDA:0,(anonymous_7)
FNDA:0,(anonymous_8)
DA:6,2
DA:26,0
DA:29,2
DA:33,0
DA:36,0
DA:37,0
DA:39,0
DA:43,0
DA:46,0
DA:53,2
DA:55,0
DA:58,0
DA:66,2
LF:13
LH:4
BRDA:25,0,0,0
BRDA:36,1,0,0
BRDA:36,1,1,0
BRF:3
BRH:0
end_of_record
TN:
SF:mocks/fileMock.js
FNF:0
FNH:0
DA:1,1
LF:1
LH:1
BRF:0
BRH:0
end_of_record
