TN:
SF:client/src/components/ProductDetails/Description.jsx
FN:5,Description
FN:15,(anonymous_1)
FNF:2
FNH:2
FNDA:2,Description
FNDA:4,(anonymous_1)
DA:8,2
DA:16,4
DA:17,4
LF:3
LH:3
BRDA:17,0,0,4
BRDA:17,0,1,0
BRF:2
BRH:1
end_of_record
TN:
SF:client/src/components/ProductDetails/Details.jsx
FN:10,Details
FN:11,(anonymous_1)
FN:12,(anonymous_2)
FN:21,(anonymous_3)
FN:34,(anonymous_4)
FN:38,(anonymous_5)
FN:42,(anonymous_6)
FN:75,(anonymous_7)
FN:78,(anonymous_8)
FN:89,(anonymous_9)
FN:91,(anonymous_10)
FN:92,(anonymous_11)
FNF:12
FNH:8
FNDA:3,Details
FNDA:3,(anonymous_1)
FNDA:3,(anonymous_2)
FNDA:0,(anonymous_3)
FNDA:0,(anonymous_4)
FNDA:6,(anonymous_5)
FNDA:12,(anonymous_6)
FNDA:0,(anonymous_7)
FNDA:6,(anonymous_8)
FNDA:0,(anonymous_9)
FNDA:8,(anonymous_10)
FNDA:8,(anonymous_11)
DA:11,3
DA:12,3
DA:13,3
DA:14,3
DA:15,3
DA:17,3
DA:18,0
DA:21,3
DA:22,0
DA:23,0
DA:24,0
DA:25,0
DA:27,0
DA:30,0
DA:34,3
DA:35,0
DA:38,3
DA:39,6
DA:41,6
DA:42,12
DA:43,6
DA:44,2
DA:47,4
DA:50,3
DA:75,0
DA:79,6
DA:89,0
DA:91,8
DA:92,8
LF:29
LH:19
BRDA:14,0,0,3
BRDA:14,0,1,0
BRDA:17,1,0,0
BRDA:17,1,1,3
BRDA:22,2,0,0
BRDA:22,2,1,0
BRDA:22,3,0,0
BRDA:22,3,1,0
BRDA:24,4,0,0
BRDA:24,4,1,0
BRDA:41,5,0,6
BRDA:41,5,1,0
BRDA:43,6,0,2
BRDA:43,6,1,4
BRDA:63,7,0,0
BRDA:63,7,1,3
BRDA:64,8,0,0
BRDA:64,8,1,3
BRDA:76,9,0,1
BRDA:76,9,1,2
BRDA:90,10,0,1
BRDA:90,10,1,2
BRF:22
BRH:11
end_of_record
TN:
SF:client/src/components/ProductDetails/ImageViewer.jsx
FN:8,ImageViewer
FN:14,(anonymous_1)
FN:17,(anonymous_2)
FN:22,(anonymous_3)
FN:36,(anonymous_4)
FN:36,(anonymous_5)
FN:39,(anonymous_6)
FN:49,(anonymous_7)
FN:54,(anonymous_8)
FN:57,(anonymous_9)
FN:61,(anonymous_10)
FN:63,(anonymous_11)
FNF:12
FNH:4
FNDA:1,ImageViewer
FNDA:1,(anonymous_1)
FNDA:0,(anonymous_2)
FNDA:0,(anonymous_3)
FNDA:1,(anonymous_4)
FNDA:2,(anonymous_5)
FNDA:0,(anonymous_6)
FNDA:0,(anonymous_7)
FNDA:0,(anonymous_8)
FNDA:0,(anonymous_9)
FNDA:0,(anonymous_10)
FNDA:0,(anonymous_11)
DA:14,1
DA:15,1
DA:17,1
DA:18,0
DA:19,0
DA:22,1
DA:23,0
DA:24,0
DA:25,0
DA:27,0
DA:29,0
DA:30,0
DA:32,0
DA:36,1
DA:37,2
DA:38,2
DA:39,0
DA:44,0
DA:47,1
DA:49,0
DA:54,0
DA:57,0
DA:61,0
DA:63,0
LF:24
LH:8
BRDA:23,0,0,0
BRDA:23,0,1,0
BRDA:24,1,0,0
BRDA:24,1,1,0
BRDA:29,2,0,0
BRDA:29,2,1,0
BRDA:37,3,0,2
BRDA:37,3,1,0
BRDA:37,4,0,2
BRDA:37,4,1,2
BRDA:40,5,0,1
BRDA:40,5,1,1
BRDA:40,6,0,2
BRDA:40,6,1,0
BRDA:48,7,0,0
BRDA:48,7,1,1
BRDA:50,8,0,0
BRDA:50,8,1,1
BRDA:54,9,0,0
BRDA:54,9,1,1
BRDA:56,10,0,0
BRDA:56,10,1,1
BRDA:61,11,0,0
BRDA:61,11,1,1
BRDA:62,12,0,1
BRDA:62,12,1,0
BRDA:62,13,0,0
BRDA:62,13,1,1
BRDA:62,14,0,1
BRDA:62,14,1,0
BRDA:63,15,0,1
BRDA:63,15,1,0
BRF:32
BRH:15
end_of_record
TN:
SF:client/src/components/ProductDetails/ProductDetails.jsx
FN:10,ProductDetails
FN:12,(anonymous_1)
FN:21,(anonymous_2)
FNF:3
FNH:3
FNDA:3,ProductDetails
FNDA:7,(anonymous_1)
FNDA:2,(anonymous_2)
DA:11,3
DA:12,7
DA:17,3
DA:21,3
DA:25,3
DA:26,2
DA:29,1
LF:7
LH:7
BRDA:25,0,0,2
BRDA:25,0,1,1
BRDA:25,1,0,3
BRDA:25,1,1,1
BRDA:31,2,0,0
BRDA:31,2,1,1
BRF:6
BRH:5
end_of_record
TN:
SF:client/src/components/ProductDetails/StyleImage.jsx
FN:7,StyleImage
FN:8,(anonymous_1)
FN:12,(anonymous_2)
FNF:3
FNH:2
FNDA:4,StyleImage
FNDA:4,(anonymous_1)
FNDA:0,(anonymous_2)
DA:8,4
DA:9,4
DA:10,4
DA:12,4
DA:13,0
DA:14,0
DA:15,0
DA:16,0
DA:18,0
DA:19,0
DA:21,0
DA:22,0
DA:26,4
LF:13
LH:5
BRDA:15,0,0,0
BRDA:15,0,1,0
BRDA:21,1,0,0
BRDA:21,1,1,0
BRDA:29,2,0,3
BRDA:29,2,1,1
BRDA:29,3,0,4
BRDA:29,3,1,0
BRDA:30,4,0,3
BRDA:30,4,1,1
BRF:10
BRH:5
end_of_record
TN:
SF:client/src/components/ProductDetails/StyleList.jsx
FN:6,StyleList
FN:7,(anonymous_1)
FN:11,(anonymous_2)
FNF:3
FNH:3
FNDA:3,StyleList
FNDA:3,(anonymous_1)
FNDA:4,(anonymous_2)
DA:7,3
DA:9,3
DA:12,4
LF:3
LH:3
BRF:0
BRH:0
end_of_record
TN:
SF:client/src/components/ProductDetails/__tests__/proxies/getProductProxy.js
FNF:0
FNH:0
DA:1,1
LF:1
LH:1
BRF:0
BRH:0
end_of_record
TN:
SF:client/src/components/ProductDetails/__tests__/proxies/getProductStylesProxy.js
FNF:0
FNH:0
DA:1,1
LF:1
LH:1
BRF:0
BRH:0
end_of_record
TN:
SF:client/src/components/ProductDetails/__tests__/proxies/stateProxy.js
FNF:0
FNH:0
DA:1,2
LF:1
LH:1
BRF:0
BRH:0
end_of_record
TN:
SF:client/src/components/ProductDetails/__tests__/utils/test-utils.jsx
FN:13,renderWithProviders
FN:27,(anonymous_1)
FN:34,Wrapper
FNF:3
FNH:3
FNDA:3,renderWithProviders
FNDA:3,(anonymous_1)
FNDA:3,Wrapper
DA:27,3
DA:35,3
DA:39,3
LF:3
LH:3
BRDA:15,0,0,0
BRDA:16,1,0,0
BRDA:18,2,0,3
BRF:3
BRH:1
end_of_record
TN:
SF:client/src/components/ReviewsRatings/QuarterIncStarRating.jsx
FN:6,QuarterIncStarRating
FN:16,(anonymous_1)
FN:35,(anonymous_2)
FNF:3
FNH:3
FNDA:3,QuarterIncStarRating
FNDA:9,(anonymous_1)
FNDA:3,(anonymous_2)
DA:8,3
DA:9,3
DA:10,3
DA:11,3
DA:13,3
DA:17,9
DA:36,3
LF:7
LH:7
BRDA:21,0,0,3
BRDA:21,0,1,3
BRF:2
BRH:2
end_of_record
TN:
SF:client/src/components/ReviewsRatings/QuarterStarsAverageRating.jsx
FN:4,QuarterStarsAverageRating
FNF:1
FNH:1
FNDA:3,QuarterStarsAverageRating
DA:5,3
DA:6,3
DA:8,3
DA:9,15
DA:10,15
DA:13,3
DA:15,3
LF:7
LH:7
BRF:0
BRH:0
end_of_record
TN:
SF:client/src/components/ReviewsRatings/SortReviews.jsx
FN:3,Dropdown
FN:5,(anonymous_1)
FN:15,(anonymous_2)
FNF:3
FNH:1
FNDA:1,Dropdown
FNDA:0,(anonymous_1)
FNDA:0,(anonymous_2)
DA:4,1
DA:5,1
DA:6,0
DA:7,0
DA:12,1
DA:16,0
LF:6
LH:3
BRF:0
BRH:0
end_of_record
TN:
SF:client/src/features/api/apiSlice.js
FN:10,(anonymous_0)
FN:15,(anonymous_1)
FN:19,(anonymous_2)
FN:23,(anonymous_3)
FN:27,(anonymous_4)
FN:31,(anonymous_5)
FN:35,(anonymous_6)
FN:38,(anonymous_7)
FN:47,(anonymous_8)
FN:50,(anonymous_9)
FN:65,(anonymous_10)
FNF:11
FNH:2
FNDA:2,(anonymous_0)
FNDA:0,(anonymous_1)
FNDA:0,(anonymous_2)
FNDA:0,(anonymous_3)
FNDA:0,(anonymous_4)
FNDA:0,(anonymous_5)
FNDA:0,(anonymous_6)
FNDA:1,(anonymous_7)
FNDA:0,(anonymous_8)
FNDA:0,(anonymous_9)
FNDA:0,(anonymous_10)
DA:4,2
DA:10,2
DA:15,0
DA:19,0
DA:23,0
DA:27,0
DA:31,0
DA:35,0
DA:39,1
DA:40,1
DA:41,1
DA:42,1
DA:48,0
DA:49,0
DA:50,0
DA:51,0
DA:52,0
DA:53,0
DA:54,0
DA:55,0
DA:56,0
DA:57,0
DA:58,0
DA:59,0
DA:61,0
DA:65,0
DA:92,2
LF:27
LH:7
BRDA:40,0,0,0
BRDA:40,0,1,1
BRDA:42,1,0,1
BRDA:42,1,1,0
BRDA:49,2,0,0
BRDA:49,2,1,0
BRDA:54,3,0,0
BRDA:54,3,1,0
BRDA:56,4,0,0
BRDA:56,4,1,0
BRDA:58,5,0,0
BRDA:58,5,1,0
BRF:12
BRH:2
end_of_record
TN:
SF:client/src/features/products/productsSlice.js
FN:18,changeStyle
FN:21,changeImage
FN:24,updateState
FN:27,toggle
FN:30,imageIndex
FN:38,(anonymous_5)
FN:45,(anonymous_6)
FN:47,(anonymous_7)
FNF:8
FNH:2
FNDA:0,changeStyle
FNDA:0,changeImage
FNDA:0,updateState
FNDA:0,toggle
FNDA:0,imageIndex
FNDA:0,(anonymous_5)
FNDA:2,(anonymous_6)
FNDA:1,(anonymous_7)
DA:4,2
DA:19,0
DA:22,0
DA:25,0
DA:28,0
DA:31,0
DA:34,2
DA:38,0
DA:46,2
DA:48,1
DA:49,1
DA:50,1
DA:51,1
DA:63,2
LF:14
LH:8
BRDA:18,0,0,0
BRDA:21,1,0,0
BRDA:24,2,0,0
BRDA:27,3,0,0
BRDA:30,4,0,0
BRF:5
BRH:0
end_of_record
TN:
SF:client/src/features/questions/questionsSlice.js
FNF:0
FNH:0
LF:0
LH:0
BRF:0
BRH:0
end_of_record
TN:
SF:client/src/features/related/relatedSlice.js
FN:14,moveRelatedCarousel
FN:17,moveOutfitCarousel
FN:20,toggleModal
FN:21,(anonymous_3)
FN:24,setRelatedProductFeatures
FN:27,setCombinedProductFeatures
FN:35,(anonymous_6)
FN:42,(anonymous_7)
FN:44,(anonymous_8)
FNF:9
FNH:1
FNDA:0,moveRelatedCarousel
FNDA:0,moveOutfitCarousel
FNDA:0,toggleModal
FNDA:0,(anonymous_3)
FNDA:0,setRelatedProductFeatures
FNDA:0,setCombinedProductFeatures
FNDA:0,(anonymous_6)
FNDA:2,(anonymous_7)
FNDA:0,(anonymous_8)
DA:4,2
DA:15,0
DA:18,0
DA:21,0
DA:22,0
DA:25,0
DA:28,0
DA:31,2
DA:35,0
DA:43,2
DA:45,0
DA:57,2
LF:12
LH:4
BRDA:14,0,0,0
BRDA:17,1,0,0
BRDA:20,2,0,0
BRDA:24,3,0,0
BRDA:27,4,0,0
BRF:5
BRH:0
end_of_record
TN:
SF:client/src/features/reviews/reviewsSlice.js
FN:11,setRating
FN:15,updateState
FN:23,(anonymous_2)
FN:25,(anonymous_3)
FN:29,(anonymous_4)
FN:32,(anonymous_5)
FN:35,(anonymous_6)
FN:42,(anonymous_7)
FN:44,(anonymous_8)
FN:47,(anonymous_9)
FNF:10
FNH:1
FNDA:0,setRating
FNDA:0,updateState
FNDA:0,(anonymous_2)
FNDA:0,(anonymous_3)
FNDA:0,(anonymous_4)
FNDA:0,(anonymous_5)
FNDA:0,(anonymous_6)
FNDA:2,(anonymous_7)
FNDA:0,(anonymous_8)
FNDA:0,(anonymous_9)
DA:4,2
DA:12,0
DA:16,0
DA:19,2
DA:23,0
DA:26,0
DA:27,0
DA:29,0
DA:33,0
DA:36,0
DA:43,2
DA:45,0
DA:48,0
DA:54,2
LF:14
LH:4
BRDA:11,0,0,0
BRDA:15,1,0,0
BRDA:26,2,0,0
BRDA:26,2,1,0
BRF:4
BRH:0
end_of_record
TN:
SF:mocks/fileMock.js
FNF:0
FNH:0
DA:1,2
LF:1
LH:1
BRF:0
BRH:0
end_of_record
